#
# A fatal error has been detected by the Java Runtime Environment:
#
#  SIGSEGV (0xb) at pc=0x00007fff8afc5250, pid=3138, tid=1799
#
# JRE version: Java(TM) SE Runtime Environment (7.0_45-b18) (build 1.7.0_45-b18)
# Java VM: Java HotSpot(TM) 64-Bit Server VM (24.45-b08 mixed mode bsd-amd64 compressed oops)
# Problematic frame:
# C  [libobjc.A.dylib+0x6250]  objc_msgSend+0x10
#
# Failed to write core dump. Core dumps have been disabled. To enable core dumping, try "ulimit -c unlimited" before starting Java again
#
# If you would like to submit a bug report, please visit:
#   http://bugreport.sun.com/bugreport/crash.jsp
# The crash happened outside the Java Virtual Machine in native code.
# See problematic frame for where to report the bug.
#

---------------  T H R E A D  ---------------

Current thread (0x00007f920a8b1000):  JavaThread "AppKit Thread" daemon [_thread_in_native, id=1799, stack(0x00007fff54aee000,0x00007fff552ee000)]

siginfo:si_signo=SIGSEGV: si_errno=0, si_code=0 (SEGV0), si_addr=0x0000000000000000

Registers:
RAX=0x00007f920a45b880, RBX=0x00007f920a238888, RCX=0x00007f920a8b7800, RDX=0x00007f920a21c140
RSP=0x00007fff552e9960, RBP=0x00007fff552e9aa0, RSI=0x00007fff88441526, RDI=0x00007f920a45b880
R8 =0x00007f920a0168b0, R9 =0x0000000000000007, R10=0x0152949292490005, R11=0x3000000000000000
R12=0x0000000000000001, R13=0x0000000000000000, R14=0x00007f920a221f90, R15=0x00007f920a238880
RIP=0x00007fff8afc5250, EFLAGS=0x0000000000010246, ERR=0x0000000000000000
  TRAPNO=0x000000000000000d

Top of Stack: (sp=0x00007fff552e9960)
0x00007fff552e9960:   00007f920a45b880 00007fff8f47847a
0x00007fff552e9970:   0000000000000002 00007fff76e40d4c
0x00007fff552e9980:   0000000000000000 00007f920a0168b0
0x00007fff552e9990:   00000000000f42e9 0000000000000002
0x00007fff552e99a0:   00007f920a21c140 00007f920a23a260
0x00007fff552e99b0:   00007f920a239b80 0000000000000002
0x00007fff552e99c0:   00007f920a238880 0000000000000000
0x00007fff552e99d0:   0000000000000053 00007f920a0168a0
0x00007fff552e99e0:   0000000000000000 0000000000000051
0x00007fff552e99f0:   00007fff7640f0e0 0000000042000000
0x00007fff552e9a00:   00007fff8f521b50 00007fff77766c90
0x00007fff552e9a10:   00007f920a0168a0 0000000000000051
0x00007fff552e9a20:   0000000000000000 00000000000f42e7
0x00007fff552e9a30:   00007f920a47d380 00007f920a21c140
0x00007fff552e9a40:   0000000000000009 0000000000000000
0x00007fff552e9a50:   00007f920a239b80 0000000000000000
0x00007fff552e9a60:   00007fff552e9aa0 00007fff922d0933
0x00007fff552e9a70:   00007f9209418840 00007f920a21c140
0x00007fff552e9a80:   00007fff8afc5240 00007f9209447190
0x00007fff552e9a90:   00007f9209418840 0000000000000000
0x00007fff552e9aa0:   00007fff552e9ac0 00007fff922d0846
0x00007fff552e9ab0:   00007f920a239b80 0000000000000000
0x00007fff552e9ac0:   00007fff552e9af0 00007fff87c64c42
0x00007fff552e9ad0:   00007f920a239b80 00007fff8afc5240
0x00007fff552e9ae0:   0000000000000000 0000000000000000
0x00007fff552e9af0:   00007fff552e9b30 00007fff87c645fe
0x00007fff552e9b00:   00007f920a239b80 00007fff8afc5240
0x00007fff552e9b10:   00007fff8afc5240 00007f9209447190
0x00007fff552e9b20:   00007f9209447190 0000000000000000
0x00007fff552e9b30:   00007fff552e9cf0 00007fff87b941be
0x00007fff552e9b40:   000100011e0bcb98 00007f9209447190
0x00007fff552e9b50:   00007fff552e9b90 00007fff901760a5 

Instructions: (pc=0x00007fff8afc5250)
0x00007fff8afc5230:   90 90 90 90 90 90 90 90 90 90 90 90 90 90 90 90
0x00007fff8afc5240:   48 85 ff 74 2b 40 f6 c7 01 2e 75 3b 4c 8b 1f 50
0x00007fff8afc5250:   4d 8b 53 10 89 f0 41 23 02 4d 8b 5c c2 10 ff c0
0x00007fff8afc5260:   4d 85 db 74 36 49 3b 33 75 ec 58 41 ff 63 10 90 

Register to memory mapping:

RAX=0x00007f920a45b880 is an unknown value
RBX=0x00007f920a238888 is an unknown value
RCX=0x00007f920a8b7800 is an unknown value
RDX=0x00007f920a21c140 is an unknown value
RSP=0x00007fff552e9960 is pointing into the stack for thread: 0x00007f920a8b1000
RBP=0x00007fff552e9aa0 is pointing into the stack for thread: 0x00007f920a8b1000
RSI=0x00007fff88441526: NSAppKitVersionNumber+0x4f906 in /System/Library/Frameworks/AppKit.framework/Versions/C/AppKit at 0x00007fff87a75000
RDI=0x00007f920a45b880 is an unknown value
R8 =0x00007f920a0168b0 is an unknown value
R9 =0x0000000000000007 is an unknown value
R10=0x0152949292490005 is an unknown value
R11=0x3000000000000000 is an unknown value
R12=0x0000000000000001 is an unknown value
R13=0x0000000000000000 is an unknown value
R14=0x00007f920a221f90 is an unknown value
R15=0x00007f920a238880 is an unknown value


Stack: [0x00007fff54aee000,0x00007fff552ee000],  sp=0x00007fff552e9960,  free space=8174k
Native frames: (J=compiled Java code, j=interpreted, Vv=VM code, C=native code)
C  [libobjc.A.dylib+0x6250]  objc_msgSend+0x10
C  [Foundation+0x48846]  -[NSNotificationCenter postNotificationName:object:userInfo:]+0x40
C  [AppKit+0x1efc42]  -[NSSurface _disposeSurface]+0x98
C  [AppKit+0x1ef5fe]  -[NSSurface setWindow:]+0x3c
C  [AppKit+0x11f1be]  -[NSView _setWindow:]+0x8db
C  [AppKit+0x12c390]  -[NSView removeFromSuperview]+0x1b7
C  [AppKit+0x259b2f]  -[NSView removeFromSuperviewWithoutNeedingDisplay]+0x27
C  [liblwjgl.jnilib+0x936e]  +[MacOSXKeyableWindow destroyWindow]+0xde
C  [Foundation+0x92677]  __NSThreadPerformPerform+0xe1
C  [CoreFoundation+0x12101]  __CFRUNLOOP_IS_CALLING_OUT_TO_A_SOURCE0_PERFORM_FUNCTION__+0x11
C  [CoreFoundation+0x11a25]  __CFRunLoopDoSources0+0xf5
C  [CoreFoundation+0x34dc5]  __CFRunLoopRun+0x315
C  [CoreFoundation+0x346b2]  CFRunLoopRunSpecific+0x122
C  [HIToolbox+0x600a4]  RunCurrentEventLoopInMode+0xd1
C  [HIToolbox+0x5fe42]  ReceiveNextEventCommon+0x164
C  [HIToolbox+0x5fcd3]  BlockUntilNextEventMatchingListInMode+0x3e
C  [AppKit+0x155613]  _DPSNextEvent+0x2ad
C  [AppKit+0x154ed2]  -[NSApplication nextEventMatchingMask:untilDate:inMode:dequeue:]+0x80
C  [libosxapp.dylib+0x16f4]  -[NSApplicationAWT nextEventMatchingMask:untilDate:inMode:dequeue:]+0x7c
C  [AppKit+0x14c283]  -[NSApplication run]+0x205
C  [libosxapp.dylib+0x1557]  +[NSApplicationAWT runAWTLoopWithApp:]+0x9c
C  [liblwawt.dylib+0xdba9]  -[AWTStarter starter:]+0x369
C  [Foundation+0x92677]  __NSThreadPerformPerform+0xe1
C  [CoreFoundation+0x12101]  __CFRUNLOOP_IS_CALLING_OUT_TO_A_SOURCE0_PERFORM_FUNCTION__+0x11
C  [CoreFoundation+0x11a25]  __CFRunLoopDoSources0+0xf5
C  [CoreFoundation+0x34dc5]  __CFRunLoopRun+0x315
C  [CoreFoundation+0x346b2]  CFRunLoopRunSpecific+0x122
C  [java+0x73b0]  CreateExecutionEnvironment+0x367
C  [java+0x1b5c]  JLI_Launch+0x7a0
C  [java+0x770d]  main+0x65
C  [java+0x13b4]  start+0x34


---------------  P R O C E S S  ---------------

Java Threads: ( => current thread )
  0x00007f920b951800 JavaThread "Thread-3" [_thread_blocked, id=61699, stack(0x000000011fba5000,0x000000011fca5000)]
  0x00007f920b8a7000 JavaThread "Thread-2" [_thread_in_native, id=60435, stack(0x000000011faa2000,0x000000011fba2000)]
  0x00007f920b89e000 JavaThread "DestroyJavaVM" [_thread_blocked, id=6403, stack(0x000000010b493000,0x000000010b593000)]
  0x00007f920b8d5000 JavaThread "LWJGL Application" [_thread_in_native, id=55555, stack(0x000000011e3cf000,0x000000011e4cf000)]
  0x00007f920b0aa000 JavaThread "AWT-Shutdown" [_thread_blocked, id=28675, stack(0x000000011b63a000,0x000000011b73a000)]
=>0x00007f920a8b1000 JavaThread "AppKit Thread" daemon [_thread_in_native, id=1799, stack(0x00007fff54aee000,0x00007fff552ee000)]
  0x00007f920b013000 JavaThread "Service Thread" daemon [_thread_blocked, id=22787, stack(0x0000000119dff000,0x0000000119eff000)]
  0x00007f920b012000 JavaThread "C2 CompilerThread1" daemon [_thread_blocked, id=22275, stack(0x0000000119cfc000,0x0000000119dfc000)]
  0x00007f920b00f800 JavaThread "C2 CompilerThread0" daemon [_thread_blocked, id=21763, stack(0x0000000119bf9000,0x0000000119cf9000)]
  0x00007f920a84a000 JavaThread "Signal Dispatcher" daemon [_thread_blocked, id=21251, stack(0x0000000119af6000,0x0000000119bf6000)]
  0x00007f920b802000 JavaThread "Finalizer" daemon [_thread_blocked, id=16899, stack(0x00000001198a5000,0x00000001199a5000)]
  0x00007f920b00e800 JavaThread "Reference Handler" daemon [_thread_blocked, id=16387, stack(0x00000001197a2000,0x00000001198a2000)]

Other Threads:
  0x00007f920b00e000 VMThread [stack: 0x000000011969f000,0x000000011979f000] [id=15875]
  0x00007f920b01b800 WatcherThread [stack: 0x0000000119f02000,0x000000011a002000] [id=23299]

VM state:not at safepoint (normal execution)

VM Mutex/Monitor currently owned by a thread: None

Heap
 PSYoungGen      total 76800K, used 22874K [0x00000007aaa80000, 0x00000007b0000000, 0x0000000800000000)
  eden space 66048K, 34% used [0x00000007aaa80000,0x00000007ac0d6b10,0x00000007aeb00000)
  from space 10752K, 0% used [0x00000007af580000,0x00000007af580000,0x00000007b0000000)
  to   space 10752K, 0% used [0x00000007aeb00000,0x00000007aeb00000,0x00000007af580000)
 ParOldGen       total 174592K, used 0K [0x0000000700000000, 0x000000070aa80000, 0x00000007aaa80000)
  object space 174592K, 0% used [0x0000000700000000,0x0000000700000000,0x000000070aa80000)
 PSPermGen       total 21504K, used 7496K [0x00000006fae00000, 0x00000006fc300000, 0x0000000700000000)
  object space 21504K, 34% used [0x00000006fae00000,0x00000006fb552310,0x00000006fc300000)

Card table byte_map: [0x000000010e728000,0x000000010ef52000] byte_map_base: 0x000000010af51000

Polling page: 0x000000010b5d2000

Code Cache  [0x000000010b668000, 0x000000010b8d8000, 0x000000010e668000)
 total_blobs=433 nmethods=69 adapters=318 free_code_cache=48562Kb largest_free_block=49706496

Compilation events (10 events):
Event: 6.136 Thread 0x00007f920b012000   64             java.util.ArrayList::size (5 bytes)
Event: 6.136 Thread 0x00007f920b012000 nmethod 64 0x000000010b6f9890 code [0x000000010b6f99c0, 0x000000010b6f9a18]
Event: 6.918 Thread 0x00007f920b00f800   65             com.google.gson.reflect.TypeToken::getRawType (5 bytes)
Event: 6.919 Thread 0x00007f920b00f800 nmethod 65 0x000000010b6f9690 code [0x000000010b6f97c0, 0x000000010b6f9838]
Event: 6.919 Thread 0x00007f920b00f800   66   !         com.google.gson.Gson::getAdapter (247 bytes)
Event: 6.955 Thread 0x00007f920b00f800 nmethod 66 0x000000010b6fdbd0 code [0x000000010b6fdea0, 0x000000010b6ff3c0]
Event: 7.036 Thread 0x00007f920b012000   67             java.nio.Buffer::remaining (10 bytes)
Event: 7.036 Thread 0x00007f920b012000 nmethod 67 0x000000010b6f9490 code [0x000000010b6f95c0, 0x000000010b6f9618]
Event: 7.816 Thread 0x00007f920b00f800   68   !         sun.nio.cs.US_ASCII$Encoder::encodeArrayLoop (356 bytes)
Event: 7.826 Thread 0x00007f920b00f800 nmethod 68 0x000000010b6f7b10 code [0x000000010b6f7d80, 0x000000010b6f8658]

GC Heap History (0 events):
No events

Deoptimization events (4 events):
Event: 3.331 Thread 0x00007f920b951800 Uncommon trap: reason=bimorphic action=maybe_recompile pc=0x000000010b6efa1c method=java.util.HashMap.getEntry(Ljava/lang/Object;)Ljava/util/HashMap$Entry; @ 68
Event: 3.331 Thread 0x00007f920b951800 Uncommon trap: reason=bimorphic action=maybe_recompile pc=0x000000010b6efa1c method=java.util.HashMap.getEntry(Ljava/lang/Object;)Ljava/util/HashMap$Entry; @ 68
Event: 3.331 Thread 0x00007f920b951800 Uncommon trap: reason=bimorphic action=maybe_recompile pc=0x000000010b6efa1c method=java.util.HashMap.getEntry(Ljava/lang/Object;)Ljava/util/HashMap$Entry; @ 68
Event: 3.331 Thread 0x00007f920b951800 Uncommon trap: reason=bimorphic action=maybe_recompile pc=0x000000010b6efa1c method=java.util.HashMap.getEntry(Ljava/lang/Object;)Ljava/util/HashMap$Entry; @ 68

Internal exceptions (10 events):
Event: 3.325 Thread 0x00007f920b951800 Threw 0x00000007abd36dd8 at /HUDSON/workspace/7u-2-build-macosx-x86_64/jdk7u45/229/hotspot/src/share/vm/prims/jvm.cpp:1244
Event: 3.326 Thread 0x00007f920b951800 Threw 0x00000007abd42eb8 at /HUDSON/workspace/7u-2-build-macosx-x86_64/jdk7u45/229/hotspot/src/share/vm/prims/jvm.cpp:1244
Event: 3.327 Thread 0x00007f920b951800 Threw 0x00000007abd48c00 at /HUDSON/workspace/7u-2-build-macosx-x86_64/jdk7u45/229/hotspot/src/share/vm/prims/jvm.cpp:1244
Event: 3.327 Thread 0x00007f920b951800 Threw 0x00000007abd569a8 at /HUDSON/workspace/7u-2-build-macosx-x86_64/jdk7u45/229/hotspot/src/share/vm/prims/jvm.cpp:1244
Event: 3.329 Thread 0x00007f920b951800 Threw 0x00000007abd5e408 at /HUDSON/workspace/7u-2-build-macosx-x86_64/jdk7u45/229/hotspot/src/share/vm/prims/jvm.cpp:1244
Event: 3.330 Thread 0x00007f920b951800 Threw 0x00000007abd66758 at /HUDSON/workspace/7u-2-build-macosx-x86_64/jdk7u45/229/hotspot/src/share/vm/prims/jvm.cpp:1244
Event: 3.330 Thread 0x00007f920b951800 Threw 0x00000007abd6c8e0 at /HUDSON/workspace/7u-2-build-macosx-x86_64/jdk7u45/229/hotspot/src/share/vm/prims/jvm.cpp:1244
Event: 3.342 Thread 0x00007f920b8d5000 Threw 0x00000007ab8cd030 at /HUDSON/workspace/7u-2-build-macosx-x86_64/jdk7u45/229/hotspot/src/share/vm/prims/jvm.cpp:1244
Event: 7.897 Thread 0x00007f920b8d5000 Threw 0x00000007abfa29a8 at /HUDSON/workspace/7u-2-build-macosx-x86_64/jdk7u45/229/hotspot/src/share/vm/prims/jvm.cpp:1244
Event: 7.912 Thread 0x00007f920b8d5000 Threw 0x00000007abfa8b40 at /HUDSON/workspace/7u-2-build-macosx-x86_64/jdk7u45/229/hotspot/src/share/vm/prims/jvm.cpp:1244

Events (10 events):
Event: 4.076 loading class 0x00007f920b95f2f0
Event: 4.076 loading class 0x00007f920b95f2f0 done
Event: 4.077 loading class 0x0000000118437d70
Event: 4.077 loading class 0x0000000118437d70 done
Event: 4.093 Executing VM operation: EnableBiasedLocking
Event: 4.093 Executing VM operation: EnableBiasedLocking done
Event: 7.897 loading class 0x00007f9209417600
Event: 7.897 loading class 0x00007f9209417600 done
Event: 7.911 loading class 0x00007f920a439870
Event: 7.911 loading class 0x00007f920a439870 done


Dynamic libraries:
0x00000000062c9000 	/System/Library/Frameworks/Cocoa.framework/Versions/A/Cocoa
0x00000000062c9000 	/System/Library/Frameworks/Security.framework/Versions/A/Security
0x00000000062c9000 	/System/Library/Frameworks/ApplicationServices.framework/Versions/A/ApplicationServices
0x00000000062c9000 	/usr/lib/libz.1.dylib
0x00000000062c9000 	/usr/lib/libSystem.B.dylib
0x00000000062c9000 	/usr/lib/libobjc.A.dylib
0x00000000062c9000 	/System/Library/Frameworks/CoreFoundation.framework/Versions/A/CoreFoundation
0x00000000062c9000 	/System/Library/Frameworks/Foundation.framework/Versions/C/Foundation
0x00000000062c9000 	/System/Library/Frameworks/AppKit.framework/Versions/C/AppKit
0x00000000062c9000 	/System/Library/Frameworks/CoreData.framework/Versions/A/CoreData
0x00000000062c9000 	/System/Library/PrivateFrameworks/RemoteViewServices.framework/Versions/A/RemoteViewServices
0x00000000062c9000 	/System/Library/Frameworks/AudioToolbox.framework/Versions/A/AudioToolbox
0x00000000062c9000 	/System/Library/Frameworks/AudioUnit.framework/Versions/A/AudioUnit
0x00000000062c9000 	/System/Library/PrivateFrameworks/DataDetectorsCore.framework/Versions/A/DataDetectorsCore
0x00000000062c9000 	/System/Library/PrivateFrameworks/DesktopServicesPriv.framework/Versions/A/DesktopServicesPriv
0x00000000062c9000 	/System/Library/Frameworks/Carbon.framework/Versions/A/Frameworks/HIToolbox.framework/Versions/A/HIToolbox
0x00000000062c9000 	/System/Library/Frameworks/QuartzCore.framework/Versions/A/QuartzCore
0x00000000062c9000 	/System/Library/Frameworks/Carbon.framework/Versions/A/Frameworks/SpeechRecognition.framework/Versions/A/SpeechRecognition
0x00000000062c9000 	/usr/lib/libauto.dylib
0x00000000062c9000 	/usr/lib/libicucore.A.dylib
0x00000000062c9000 	/usr/lib/libxml2.2.dylib
0x00000000062c9000 	/System/Library/PrivateFrameworks/CoreUI.framework/Versions/A/CoreUI
0x00000000062c9000 	/System/Library/Frameworks/CoreAudio.framework/Versions/A/CoreAudio
0x00000000062c9000 	/System/Library/Frameworks/DiskArbitration.framework/Versions/A/DiskArbitration
0x00000000062c9000 	/usr/lib/liblangid.dylib
0x00000000062c9000 	/System/Library/PrivateFrameworks/MultitouchSupport.framework/Versions/A/MultitouchSupport
0x00000000062c9000 	/System/Library/Frameworks/IOKit.framework/Versions/A/IOKit
0x00000000062c9000 	/usr/lib/libDiagnosticMessagesClient.dylib
0x00000000062c9000 	/System/Library/Frameworks/CoreServices.framework/Versions/A/CoreServices
0x00000000062c9000 	/System/Library/PrivateFrameworks/PerformanceAnalysis.framework/Versions/A/PerformanceAnalysis
0x00000000062c9000 	/System/Library/PrivateFrameworks/GenerationalStorage.framework/Versions/A/GenerationalStorage
0x00000000062c9000 	/System/Library/Frameworks/OpenGL.framework/Versions/A/OpenGL
0x00000000062c9000 	/System/Library/Frameworks/CoreText.framework/Versions/A/CoreText
0x00000000062c9000 	/System/Library/Frameworks/ImageIO.framework/Versions/A/ImageIO
0x00000000062c9000 	/System/Library/PrivateFrameworks/Backup.framework/Versions/A/Backup
0x00000000062c9000 	/System/Library/Frameworks/CFNetwork.framework/Versions/A/CFNetwork
0x00000000062c9000 	/System/Library/Frameworks/SystemConfiguration.framework/Versions/A/SystemConfiguration
0x00000000062c9000 	/usr/lib/libCRFSuite.dylib
0x00000000062c9000 	/System/Library/PrivateFrameworks/TCC.framework/Versions/A/TCC
0x00000000062c9000 	/usr/lib/libc++.1.dylib
0x00000000062c9000 	/usr/lib/libc++abi.dylib
0x00000000062c9000 	/usr/lib/system/libcache.dylib
0x00000000062c9000 	/usr/lib/system/libcommonCrypto.dylib
0x00000000062c9000 	/usr/lib/system/libcompiler_rt.dylib
0x00000000062c9000 	/usr/lib/system/libcopyfile.dylib
0x00000000062c9000 	/usr/lib/system/libdispatch.dylib
0x00000000062c9000 	/usr/lib/system/libdnsinfo.dylib
0x00000000062c9000 	/usr/lib/system/libdyld.dylib
0x00000000062c9000 	/usr/lib/system/libkeymgr.dylib
0x00000000062c9000 	/usr/lib/system/liblaunch.dylib
0x00000000062c9000 	/usr/lib/system/libmacho.dylib
0x00000000062c9000 	/usr/lib/system/libquarantine.dylib
0x00000000062c9000 	/usr/lib/system/libremovefile.dylib
0x00000000062c9000 	/usr/lib/system/libsystem_blocks.dylib
0x00000000062c9000 	/usr/lib/system/libsystem_c.dylib
0x00000000062c9000 	/usr/lib/system/libsystem_dnssd.dylib
0x00000000062c9000 	/usr/lib/system/libsystem_info.dylib
0x00000000062c9000 	/usr/lib/system/libsystem_kernel.dylib
0x00000000062c9000 	/usr/lib/system/libsystem_m.dylib
0x00000000062c9000 	/usr/lib/system/libsystem_network.dylib
0x00000000062c9000 	/usr/lib/system/libsystem_notify.dylib
0x00000000062c9000 	/usr/lib/system/libsystem_sandbox.dylib
0x00000000062c9000 	/usr/lib/system/libunc.dylib
0x00000000062c9000 	/usr/lib/system/libunwind.dylib
0x00000000062c9000 	/usr/lib/system/libxpc.dylib
0x00000000062c9000 	/usr/lib/system/libcorecrypto.dylib
0x00000000062c9000 	/usr/lib/libstdc++.6.dylib
0x00000000062c9000 	/usr/lib/libbsm.0.dylib
0x00000000062c9000 	/usr/lib/libsqlite3.dylib
0x00000000062c9000 	/usr/lib/libxar.1.dylib
0x00000000062c9000 	/usr/lib/libpam.2.dylib
0x00000000062c9000 	/usr/lib/libOpenScriptingUtil.dylib
0x00000000062c9000 	/usr/lib/libbz2.1.0.dylib
0x00000000062c9000 	/System/Library/Frameworks/CoreServices.framework/Versions/A/Frameworks/CarbonCore.framework/Versions/A/CarbonCore
0x00000000062c9000 	/System/Library/Frameworks/CoreServices.framework/Versions/A/Frameworks/Metadata.framework/Versions/A/Metadata
0x00000000062c9000 	/System/Library/Frameworks/CoreServices.framework/Versions/A/Frameworks/OSServices.framework/Versions/A/OSServices
0x00000000062c9000 	/System/Library/Frameworks/CoreServices.framework/Versions/A/Frameworks/SearchKit.framework/Versions/A/SearchKit
0x00000000062c9000 	/System/Library/Frameworks/CoreServices.framework/Versions/A/Frameworks/AE.framework/Versions/A/AE
0x00000000062c9000 	/System/Library/Frameworks/CoreServices.framework/Versions/A/Frameworks/LaunchServices.framework/Versions/A/LaunchServices
0x00000000062c9000 	/System/Library/Frameworks/CoreServices.framework/Versions/A/Frameworks/DictionaryServices.framework/Versions/A/DictionaryServices
0x00000000062c9000 	/System/Library/Frameworks/NetFS.framework/Versions/A/NetFS
0x00000000062c9000 	/usr/lib/system/libkxld.dylib
0x00000000062c9000 	/System/Library/PrivateFrameworks/NetAuth.framework/Versions/A/NetAuth
0x00000000062c9000 	/System/Library/Frameworks/OpenDirectory.framework/Versions/A/Frameworks/CFOpenDirectory.framework/Versions/A/CFOpenDirectory
0x00000000062c9000 	/usr/lib/libxslt.1.dylib
0x00000000062c9000 	/System/Library/PrivateFrameworks/FamilyControls.framework/Versions/A/FamilyControls
0x00000000062c9000 	/System/Library/Frameworks/Carbon.framework/Versions/A/Frameworks/Ink.framework/Versions/A/Ink
0x00000000062c9000 	/System/Library/Frameworks/ApplicationServices.framework/Versions/A/Frameworks/CoreGraphics.framework/Versions/A/CoreGraphics
0x00000000062c9000 	/System/Library/Frameworks/ApplicationServices.framework/Versions/A/Frameworks/ATS.framework/Versions/A/ATS
0x00000000062c9000 	/System/Library/Frameworks/ApplicationServices.framework/Versions/A/Frameworks/ColorSync.framework/Versions/A/ColorSync
0x00000000062c9000 	/System/Library/Frameworks/ApplicationServices.framework/Versions/A/Frameworks/HIServices.framework/Versions/A/HIServices
0x00000000062c9000 	/System/Library/Frameworks/ApplicationServices.framework/Versions/A/Frameworks/LangAnalysis.framework/Versions/A/LangAnalysis
0x00000000062c9000 	/System/Library/Frameworks/ApplicationServices.framework/Versions/A/Frameworks/PrintCore.framework/Versions/A/PrintCore
0x00000000062c9000 	/System/Library/Frameworks/ApplicationServices.framework/Versions/A/Frameworks/QD.framework/Versions/A/QD
0x00000000062c9000 	/System/Library/Frameworks/ApplicationServices.framework/Versions/A/Frameworks/SpeechSynthesis.framework/Versions/A/SpeechSynthesis
0x00000000062c9000 	/System/Library/Frameworks/IOSurface.framework/Versions/A/IOSurface
0x00000000062c9000 	/System/Library/Frameworks/Accelerate.framework/Versions/A/Accelerate
0x00000000062c9000 	/System/Library/Frameworks/ApplicationServices.framework/Versions/A/Frameworks/ATS.framework/Versions/A/Resources/libFontParser.dylib
0x00000000062c9000 	/System/Library/Frameworks/ApplicationServices.framework/Versions/A/Frameworks/ATS.framework/Versions/A/Resources/libFontRegistry.dylib
0x00000000062c9000 	/System/Library/Frameworks/Accelerate.framework/Versions/A/Frameworks/vImage.framework/Versions/A/vImage
0x00000000062c9000 	/System/Library/Frameworks/Accelerate.framework/Versions/A/Frameworks/vecLib.framework/Versions/A/vecLib
0x00000000062c9000 	/System/Library/Frameworks/Accelerate.framework/Versions/A/Frameworks/vecLib.framework/Versions/A/libvDSP.dylib
0x00000000062c9000 	/System/Library/Frameworks/Accelerate.framework/Versions/A/Frameworks/vecLib.framework/Versions/A/libvMisc.dylib
0x00000000062c9000 	/System/Library/Frameworks/Accelerate.framework/Versions/A/Frameworks/vecLib.framework/Versions/A/libLAPACK.dylib
0x00000000062c9000 	/System/Library/Frameworks/Accelerate.framework/Versions/A/Frameworks/vecLib.framework/Versions/A/libBLAS.dylib
0x00000000062c9000 	/System/Library/Frameworks/ImageIO.framework/Versions/A/Resources/libJPEG.dylib
0x00000000062c9000 	/System/Library/Frameworks/ImageIO.framework/Versions/A/Resources/libTIFF.dylib
0x00000000062c9000 	/System/Library/Frameworks/ImageIO.framework/Versions/A/Resources/libPng.dylib
0x00000000062c9000 	/System/Library/Frameworks/ImageIO.framework/Versions/A/Resources/libGIF.dylib
0x00000000062c9000 	/System/Library/Frameworks/ImageIO.framework/Versions/A/Resources/libJP2.dylib
0x00000000062c9000 	/System/Library/Frameworks/ImageIO.framework/Versions/A/Resources/libRadiance.dylib
0x00000000062c9000 	/usr/lib/libcups.2.dylib
0x00000000062c9000 	/System/Library/Frameworks/Kerberos.framework/Versions/A/Kerberos
0x00000000062c9000 	/System/Library/Frameworks/GSS.framework/Versions/A/GSS
0x00000000062c9000 	/usr/lib/libresolv.9.dylib
0x00000000062c9000 	/usr/lib/libiconv.2.dylib
0x00000000062c9000 	/System/Library/PrivateFrameworks/Heimdal.framework/Versions/A/Heimdal
0x00000000062c9000 	/System/Library/PrivateFrameworks/TrustEvaluationAgent.framework/Versions/A/TrustEvaluationAgent
0x00000000062c9000 	/System/Library/Frameworks/OpenDirectory.framework/Versions/A/OpenDirectory
0x00000000062c9000 	/System/Library/PrivateFrameworks/CommonAuth.framework/Versions/A/CommonAuth
0x00000000062c9000 	/System/Library/PrivateFrameworks/Bom.framework/Versions/A/Bom
0x00000000062c9000 	/System/Library/Frameworks/CoreVideo.framework/Versions/A/CoreVideo
0x00000000062c9000 	/System/Library/Frameworks/QuartzCore.framework/Versions/A/Frameworks/CoreImage.framework/Versions/A/CoreImage
0x00000000062c9000 	/System/Library/Frameworks/QuartzCore.framework/Versions/A/Frameworks/ScalableUserInterface.framework/Versions/A/ScalableUserInterface
0x00000000062c9000 	/System/Library/Frameworks/OpenGL.framework/Versions/A/Libraries/libGLU.dylib
0x00000000062c9000 	/System/Library/Frameworks/OpenGL.framework/Versions/A/Libraries/libGFXShared.dylib
0x00000000062c9000 	/System/Library/Frameworks/OpenGL.framework/Versions/A/Libraries/libGL.dylib
0x00000000062c9000 	/System/Library/Frameworks/OpenGL.framework/Versions/A/Libraries/libGLImage.dylib
0x00000000062c9000 	/System/Library/Frameworks/OpenGL.framework/Versions/A/Libraries/libCVMSPluginSupport.dylib
0x00000000062c9000 	/System/Library/Frameworks/OpenGL.framework/Versions/A/Libraries/libCoreVMClient.dylib
0x00000000062c9000 	/System/Library/PrivateFrameworks/CrashReporterSupport.framework/Versions/A/CrashReporterSupport
0x00000000062c9000 	/System/Library/Frameworks/OpenCL.framework/Versions/A/OpenCL
0x00000000062c9000 	/System/Library/PrivateFrameworks/FaceCoreLight.framework/Versions/A/FaceCoreLight
0x00000000062c9000 	/System/Library/PrivateFrameworks/AppleFSCompression.framework/Versions/A/AppleFSCompression
0x00000000062c9000 	/System/Library/PrivateFrameworks/Ubiquity.framework/Versions/A/Ubiquity
0x00000000062c9000 	/System/Library/Frameworks/ServiceManagement.framework/Versions/A/ServiceManagement
0x00000000062c9000 	/System/Library/PrivateFrameworks/ChunkingLibrary.framework/Versions/A/ChunkingLibrary
0x00000000062c9000 	/System/Library/Frameworks/vecLib.framework/Versions/A/vecLib
0x00000000062c9000 	/System/Library/Frameworks/SecurityFoundation.framework/Versions/A/SecurityFoundation
0x00000000062c9000 	/System/Library/PrivateFrameworks/CommerceKit.framework/Versions/A/Frameworks/CommerceCore.framework/Versions/A/CommerceCore
0x00000000062c9000 	/System/Library/PrivateFrameworks/CoreSymbolication.framework/Versions/A/CoreSymbolication
0x00000000062c9000 	/System/Library/PrivateFrameworks/Symbolication.framework/Versions/A/Symbolication
0x00000000062c9000 	/System/Library/PrivateFrameworks/DebugSymbols.framework/Versions/A/DebugSymbols
0x000000010aa3f000 	/Library/Java/JavaVirtualMachines/jdk1.7.0_45.jdk/Contents/Home/jre/lib/server/libjvm.dylib
0x000000010b595000 	/Library/Java/JavaVirtualMachines/jdk1.7.0_45.jdk/Contents/Home/jre/lib/libverify.dylib
0x000000010b5a2000 	/Library/Java/JavaVirtualMachines/jdk1.7.0_45.jdk/Contents/Home/jre/lib/libjava.dylib
0x000000010b65f000 	/Library/Java/JavaVirtualMachines/jdk1.7.0_45.jdk/Contents/Home/jre/lib/libzip.dylib
0x00000001199a7000 	/System/Library/Frameworks/JavaVM.framework/Frameworks/JavaRuntimeSupport.framework/JavaRuntimeSupport
0x00000001199bf000 	/System/Library/Frameworks/JavaVM.framework/Versions/A/Frameworks/JavaNativeFoundation.framework/Versions/A/JavaNativeFoundation
0x00000001199d4000 	/System/Library/Frameworks/JavaVM.framework/Versions/A/JavaVM
0x00000000062c9000 	/System/Library/Frameworks/Carbon.framework/Versions/A/Carbon
0x00000001199e1000 	/System/Library/PrivateFrameworks/JavaLaunching.framework/Versions/A/JavaLaunching
0x00000000062c9000 	/System/Library/Frameworks/Carbon.framework/Versions/A/Frameworks/CommonPanels.framework/Versions/A/CommonPanels
0x00000000062c9000 	/System/Library/Frameworks/Carbon.framework/Versions/A/Frameworks/Help.framework/Versions/A/Help
0x00000000062c9000 	/System/Library/Frameworks/Carbon.framework/Versions/A/Frameworks/ImageCapture.framework/Versions/A/ImageCapture
0x00000000062c9000 	/System/Library/Frameworks/Carbon.framework/Versions/A/Frameworks/OpenScripting.framework/Versions/A/OpenScripting
0x00000000062c9000 	/System/Library/Frameworks/Carbon.framework/Versions/A/Frameworks/Print.framework/Versions/A/Print
0x00000000062c9000 	/System/Library/Frameworks/Carbon.framework/Versions/A/Frameworks/SecurityHI.framework/Versions/A/SecurityHI
0x000000011a09b000 	/private/var/folders/l6/t__ll8y91bg2b3692zf5qjxm0000gn/T/libgdxdoverwong/92bf976d/libgdx.dylib
0x000000011a121000 	/Library/Java/JavaVirtualMachines/jdk1.7.0_45.jdk/Contents/Home/jre/lib/libawt.dylib
0x000000011a1d0000 	/Library/Java/JavaVirtualMachines/jdk1.7.0_45.jdk/Contents/Home/jre/lib/./libmlib_image.dylib
0x000000011a29c000 	/Library/Java/JavaVirtualMachines/jdk1.7.0_45.jdk/Contents/Home/jre/lib/lwawt/liblwawt.dylib
0x000000011a350000 	/Library/Java/JavaVirtualMachines/jdk1.7.0_45.jdk/Contents/Home/jre/lib/libosxapp.dylib
0x000000011a36a000 	/System/Library/Frameworks/ExceptionHandling.framework/Versions/A/ExceptionHandling
0x00000000062c9000 	/System/Library/PrivateFrameworks/CoreServicesInternal.framework/Versions/A/CoreServicesInternal
0x00000000062c9000 	/System/Library/PrivateFrameworks/Librarian.framework/Versions/A/Librarian
0x00000000062c9000 	/System/Library/Frameworks/ApplicationServices.framework/Versions/A/Frameworks/CoreGraphics.framework/Versions/A/Resources/libCSync.A.dylib
0x00000000062c9000 	/System/Library/Frameworks/ApplicationServices.framework/Versions/A/Frameworks/CoreGraphics.framework/Versions/A/Resources/libRIP.A.dylib
0x00000000062c9000 	/System/Library/Frameworks/ApplicationServices.framework/Versions/A/Frameworks/CoreGraphics.framework/Versions/A/Resources/libCGXType.A.dylib
0x000000011b96e000 	/Library/Java/JavaVirtualMachines/jdk1.7.0_45.jdk/Contents/Home/jre/lib/libfontmanager.dylib
0x000000011e081000 	/private/var/folders/l6/t__ll8y91bg2b3692zf5qjxm0000gn/T/libgdxdoverwong/75260a42/liblwjgl.jnilib
0x000000011b9d2000 	/Library/Java/JavaVirtualMachines/jdk1.7.0_45.jdk/Contents/Home/jre/lib/libjawt.dylib
0x000000011e0fc000 	/var/folders/l6/t__ll8y91bg2b3692zf5qjxm0000gn/T/libgdxdoverwong/75260a42/openal.dylib
0x00000000ae158000 	/System/Library/Components/CoreAudio.component/Contents/MacOS/CoreAudio
0x000000011c799000 	/System/Library/Extensions/AppleHDA.kext/Contents/PlugIns/AppleHDAHALPlugIn.bundle/Contents/MacOS/AppleHDAHALPlugIn
0x000000011e4d1000 	/System/Library/Frameworks/OpenGL.framework/Resources/GLEngine.bundle/GLEngine
0x000000011e6bf000 	/System/Library/Frameworks/OpenGL.framework/Versions/A/Libraries/libGLProgrammability.dylib
0x000000011e835000 	/System/Library/Extensions/AppleIntelHD4000GraphicsGLDriver.bundle/Contents/MacOS/AppleIntelHD4000GraphicsGLDriver
0x000000011ee17000 	/System/Library/PrivateFrameworks/GPUSupport.framework/Versions/A/Libraries/libGPUSupport.dylib
0x000000011ee2c000 	/System/Library/Frameworks/OpenGL.framework/Resources//GLRendererFloat.bundle/GLRendererFloat
0x000000011ee62000 	/System/Library/Frameworks/OpenCL.framework/Versions/A/Libraries/libcldcpuengine.dylib
0x00000000062c9000 	/System/Library/PrivateFrameworks/DiskImages.framework/Versions/A/DiskImages
0x000000011ee71000 	/System/Library/Frameworks/OpenGL.framework/Versions/A/Libraries/libCoreFSCache.dylib
0x00000000062c9000 	/System/Library/Frameworks/DiscRecording.framework/Versions/A/DiscRecording
0x00000000062c9000 	/usr/lib/libcurl.4.dylib
0x00000000062c9000 	/System/Library/PrivateFrameworks/MediaKit.framework/Versions/A/MediaKit
0x00000000062c9000 	/usr/lib/libssl.0.9.8.dylib
0x00000000062c9000 	/usr/lib/libcrypto.0.9.8.dylib
0x00000000062c9000 	/System/Library/Frameworks/LDAP.framework/Versions/A/LDAP
0x00000000062c9000 	/usr/lib/libsasl2.2.dylib
0x000000011c9d5000 	/Library/Java/JavaVirtualMachines/jdk1.7.0_45.jdk/Contents/Home/jre/lib/libnet.dylib

VM Arguments:
jvm_args: -Dfile.encoding=US-ASCII 
java_command: com.sutd.pong.Main
Launcher Type: SUN_STANDARD

Environment Variables:
PATH=/usr/bin:/bin:/usr/sbin:/sbin
SHELL=/bin/bash
DISPLAY=/tmp/launch-bz8acY/org.macosforge.xquartz:0

Signal Handlers:
SIGSEGV: [libjvm.dylib+0x525415], sa_mask[0]=0xfffefeff, sa_flags=0x00000043
SIGBUS: [libjvm.dylib+0x525415], sa_mask[0]=0xfffefeff, sa_flags=0x00000042
SIGFPE: [libjvm.dylib+0x41891a], sa_mask[0]=0xfffefeff, sa_flags=0x00000042
SIGPIPE: [libjvm.dylib+0x41891a], sa_mask[0]=0xfffefeff, sa_flags=0x00000042
SIGXFSZ: [libjvm.dylib+0x41891a], sa_mask[0]=0xfffefeff, sa_flags=0x00000042
SIGILL: [libjvm.dylib+0x41891a], sa_mask[0]=0xfffefeff, sa_flags=0x00000042
SIGUSR1: SIG_DFL, sa_mask[0]=0x00000000, sa_flags=0x00000002
SIGUSR2: [libjvm.dylib+0x41840c], sa_mask[0]=0x00000004, sa_flags=0x00000042
SIGHUP: [libjvm.dylib+0x41669b], sa_mask[0]=0xfffefeff, sa_flags=0x00000042
SIGINT: [libjvm.dylib+0x41669b], sa_mask[0]=0xfffefeff, sa_flags=0x00000042
SIGTERM: [libjvm.dylib+0x41669b], sa_mask[0]=0xfffefeff, sa_flags=0x00000042
SIGQUIT: [libjvm.dylib+0x41669b], sa_mask[0]=0xfffefeff, sa_flags=0x00000042


---------------  S Y S T E M  ---------------

OS:Bsduname:Darwin 12.2.0 Darwin Kernel Version 12.2.0: Sat Aug 25 00:48:52 PDT 2012; root:xnu-2050.18.24~1/RELEASE_X86_64 x86_64
rlimit: STACK 8192k, CORE 0k, NPROC 709, NOFILE 10240, AS infinity
load average:1.56 1.10 0.97

CPU:total 4 (2 cores per cpu, 2 threads per core) family 6 model 58 stepping 9, cmov, cx8, fxsr, mmx, sse, sse2, sse3, ssse3, sse4.1, sse4.2, popcnt, avx, aes, erms, ht, tsc, tscinvbit, tscinv

Memory: 4k page, physical 16777216k(4194304k free)

/proc/meminfo:


vm_info: Java HotSpot(TM) 64-Bit Server VM (24.45-b08) for bsd-amd64 JRE (1.7.0_45-b18), built on Oct  8 2013 05:54:16 by "java_re" with gcc 4.2.1 (Based on Apple Inc. build 5658) (LLVM build 2336.11.00)

time: Wed Apr 16 21:07:19 2014
elapsed time: 7 seconds

