#
# A fatal error has been detected by the Java Runtime Environment:
#
#  SIGSEGV (0xb) at pc=0x000000012358d2a4, pid=3010, tid=1799
#
# JRE version: Java(TM) SE Runtime Environment (7.0_45-b18) (build 1.7.0_45-b18)
# Java VM: Java HotSpot(TM) 64-Bit Server VM (24.45-b08 mixed mode bsd-amd64 compressed oops)
# Problematic frame:
# C  [liblwjgl.jnilib+0x92a4]  +[MacOSXKeyableWindow destroyWindow]+0x14
#
# Failed to write core dump. Core dumps have been disabled. To enable core dumping, try "ulimit -c unlimited" before starting Java again
#
# If you would like to submit a bug report, please visit:
#   http://bugreport.sun.com/bugreport/crash.jsp
# The crash happened outside the Java Virtual Machine in native code.
# See problematic frame for where to report the bug.
#

---------------  T H R E A D  ---------------

Current thread (0x00007fabf1064000):  JavaThread "AppKit Thread" daemon [_thread_in_native, id=1799, stack(0x00007fff4f5eb000,0x00007fff4fdeb000)]

siginfo:si_signo=SIGSEGV: si_errno=0, si_code=1 (SEGV_MAPERR), si_addr=0x0000000000000051

Registers:
RAX=0x00007fabf1b364a0, RBX=0x0000000000000001, RCX=0x0000000000000000, RDX=0x0000000000000000
RSP=0x00007fff4fde6d90, RBP=0x00007fff4fde6da0, RSI=0x000000012359ee91, RDI=0x00000001235bfbe8
R8 =0x0000000000012068, R9 =0x00007fff4fde6d60, R10=0x00007fabf192a5a0, R11=0x000000012358d290
R12=0x00007fabf1b46f50, R13=0x0000000000000000, R14=0x0000000000000000, R15=0x00007fabf0c240a0
RIP=0x000000012358d2a4, EFLAGS=0x0000000000010206, ERR=0x0000000000000004
  TRAPNO=0x000000000000000e

Top of Stack: (sp=0x00007fff4fde6d90)
0x00007fff4fde6d90:   0000000000000000 00007fabf0c0b340
0x00007fff4fde6da0:   00007fff4fde6df0 00007fff9509e677
0x00007fff4fde6db0:   00007fabf0c0b340 00007fabf1012060
0x00007fff4fde6dc0:   0000000000000000 00007fabf0c244d0
0x00007fff4fde6dd0:   0000000000001600 00007fabf1800130
0x00007fff4fde6de0:   00007fabf0c244e8 00007fabf1800288
0x00007fff4fde6df0:   00007fff4fde6e00 00007fff921c9101
0x00007fff4fde6e00:   00007fff4fde6e60 00007fff921c8a25
0x00007fff4fde6e10:   00007fabf1800140 00007fabf1800280
0x00007fff4fde6e20:   00007fff4fde6de0 0000000100000002
0x00007fff4fde6e30:   00007fabf0c244d0 0000000000001403
0x00007fff4fde6e40:   0000000000001603 00007fabf1800130
0x00007fff4fde6e50:   7fffffffffffffff 00007fabf1800270
0x00007fff4fde6e60:   00007fff4fde7b10 00007fff921ebdc5
0x00007fff4fde6e70:   0000001500270004 0000000000000000
0x00007fff4fde6e80:   000000014d555458 0000000000000001
0x00007fff4fde6e90:   00007fabf1800130 00007fabf182ecd0
0x00007fff4fde6ea0:   00007fabf1800280 00007fabf1800140
0x00007fff4fde6eb0:   00007fff00001603 00007fff4fde6ee0
0x00007fff4fde6ec0:   0000000000001403 00007fff7a4f3fd0
0x00007fff4fde6ed0:   0000000000000000 0000000000000000
0x00007fff4fde6ee0:   0000001800001100 0000130300000000
0x00007fff4fde6ef0:   0000000010b6b45f 0000004400000000
0x00007fff4fde6f00:   000001f500000019 000001f500000014
0x00007fff4fde6f10:   00000014000001f5 00000014000001f5
0x00007fff4fde6f20:   000186a400000bc2 0000000000000bc2
0x00007fff4fde6f30:   0000000000000000 0000000000000000
0x00007fff4fde6f40:   0000000000000000 0000000000000000
0x00007fff4fde6f50:   0000000000000000 0000000000000000
0x00007fff4fde6f60:   00007fff4fde7590 00007fff921c0f0d
0x00007fff4fde6f70:   ffffffffffffffff 00007fabf1b54d90
0x00007fff4fde6f80:   00007fff92339c30 0000000000000000 

Instructions: (pc=0x000000012358d2a4)
0x000000012358d284:   b8 4c 89 e7 31 c0 ff 55 c8 eb 93 90 55 48 89 e5
0x000000012358d294:   53 48 83 ec 08 48 8b 05 e8 3e 03 00 48 8b 58 08
0x000000012358d2a4:   80 7b 50 00 0f 85 92 00 00 00 80 38 00 75 3d 48
0x000000012358d2b4:   8b 3b 48 85 ff 74 70 48 8d 35 1e 2b 03 00 ff 15 

Register to memory mapping:

RAX=0x00007fabf1b364a0 is an unknown value
RBX=0x0000000000000001 is an unknown value
RCX=0x0000000000000000 is an unknown value
RDX=0x0000000000000000 is an unknown value
RSP=0x00007fff4fde6d90 is pointing into the stack for thread: 0x00007fabf1064000
RBP=0x00007fff4fde6da0 is pointing into the stack for thread: 0x00007fabf1064000
RSI=0x000000012359ee91: Java_org_lwjgl_opengl_NVVideoCaptureUtil_nglReleaseVideoCaptureDeviceNV+0x1f21 in /private/var/folders/l6/t__ll8y91bg2b3692zf5qjxm0000gn/T/libgdxdoverwong/75260a42/liblwjgl.jnilib at 0x0000000123584000
RDI=0x00000001235bfbe8: OBJC_CLASS_$_MacOSXKeyableWindow+0 in /private/var/folders/l6/t__ll8y91bg2b3692zf5qjxm0000gn/T/libgdxdoverwong/75260a42/liblwjgl.jnilib at 0x0000000123584000
R8 =0x0000000000012068 is an unknown value
R9 =0x00007fff4fde6d60 is pointing into the stack for thread: 0x00007fabf1064000
R10=0x00007fabf192a5a0 is an unknown value
R11=0x000000012358d290: +[MacOSXKeyableWindow destroyWindow]+0 in /private/var/folders/l6/t__ll8y91bg2b3692zf5qjxm0000gn/T/libgdxdoverwong/75260a42/liblwjgl.jnilib at 0x0000000123584000
R12=0x00007fabf1b46f50 is an unknown value
R13=0x0000000000000000 is an unknown value
R14=0x0000000000000000 is an unknown value
R15=0x00007fabf0c240a0 is an unknown value


Stack: [0x00007fff4f5eb000,0x00007fff4fdeb000],  sp=0x00007fff4fde6d90,  free space=8175k
Native frames: (J=compiled Java code, j=interpreted, Vv=VM code, C=native code)
C  [liblwjgl.jnilib+0x92a4]  +[MacOSXKeyableWindow destroyWindow]+0x14
C  [Foundation+0x92677]  __NSThreadPerformPerform+0xe1
C  [CoreFoundation+0x12101]  __CFRUNLOOP_IS_CALLING_OUT_TO_A_SOURCE0_PERFORM_FUNCTION__+0x11
C  [CoreFoundation+0x11a25]  __CFRunLoopDoSources0+0xf5
C  [CoreFoundation+0x34dc5]  __CFRunLoopRun+0x315
C  [CoreFoundation+0x346b2]  CFRunLoopRunSpecific+0x122
C  [HIToolbox+0x600a4]  RunCurrentEventLoopInMode+0xd1
C  [HIToolbox+0x5fe42]  ReceiveNextEventCommon+0x164
C  [HIToolbox+0x5fcd3]  BlockUntilNextEventMatchingListInMode+0x3e
C  [AppKit+0x155613]  _DPSNextEvent+0x2ad
C  [AppKit+0x154ed2]  -[NSApplication nextEventMatchingMask:untilDate:inMode:dequeue:]+0x80
C  [libosxapp.dylib+0x16f4]  -[NSApplicationAWT nextEventMatchingMask:untilDate:inMode:dequeue:]+0x7c
C  [AppKit+0x14c283]  -[NSApplication run]+0x205
C  [libosxapp.dylib+0x1557]  +[NSApplicationAWT runAWTLoopWithApp:]+0x9c
C  [liblwawt.dylib+0xdba9]  -[AWTStarter starter:]+0x369
C  [Foundation+0x92677]  __NSThreadPerformPerform+0xe1
C  [CoreFoundation+0x12101]  __CFRUNLOOP_IS_CALLING_OUT_TO_A_SOURCE0_PERFORM_FUNCTION__+0x11
C  [CoreFoundation+0x11a25]  __CFRunLoopDoSources0+0xf5
C  [CoreFoundation+0x34dc5]  __CFRunLoopRun+0x315
C  [CoreFoundation+0x346b2]  CFRunLoopRunSpecific+0x122
C  [java+0x73b0]  CreateExecutionEnvironment+0x367
C  [java+0x1b5c]  JLI_Launch+0x7a0
C  [java+0x770d]  main+0x65
C  [java+0x13b4]  start+0x34


---------------  P R O C E S S  ---------------

Java Threads: ( => current thread )
  0x00007fabf30e2800 JavaThread "AWT-Shutdown" [_thread_blocked, id=20503, stack(0x0000000124824000,0x0000000124924000)]
  0x00007fabf20c6800 JavaThread "pool-2-thread-1" [_thread_blocked, id=65283, stack(0x0000000125aa8000,0x0000000125ba8000)]
  0x00007fabf2077000 JavaThread "Thread-9" [_thread_blocked, id=64771, stack(0x00000001259a5000,0x0000000125aa5000)]
  0x00007fabf2800000 JavaThread "Thread-8" [_thread_in_Java, id=64259, stack(0x00000001258a2000,0x00000001259a2000)]
  0x00007fabf313c800 JavaThread "Thread-7" [_thread_blocked, id=62211, stack(0x000000012561d000,0x000000012571d000)]
  0x00007fabf11dd000 JavaThread "Thread-6" [_thread_in_native, id=61699, stack(0x000000012551a000,0x000000012561a000)]
  0x00007fabf30bc000 JavaThread "Thread-5" [_thread_in_native, id=61191, stack(0x0000000125417000,0x0000000125517000)]
  0x00007fabf30ae800 JavaThread "Thread-3" [_thread_in_native, id=60675, stack(0x0000000125314000,0x0000000125414000)]
  0x00007fabf10bb800 JavaThread "DestroyJavaVM" [_thread_blocked, id=6403, stack(0x0000000110996000,0x0000000110a96000)]
  0x00007fabf208b000 JavaThread "LWJGL Application" [_thread_in_native, id=55555, stack(0x00000001238d2000,0x00000001239d2000)]
=>0x00007fabf1064000 JavaThread "AppKit Thread" daemon [_thread_in_native, id=1799, stack(0x00007fff4f5eb000,0x00007fff4fdeb000)]
  0x00007fabf285e000 JavaThread "Service Thread" daemon [_thread_blocked, id=23043, stack(0x000000011f385000,0x000000011f485000)]
  0x00007fabf285d800 JavaThread "C2 CompilerThread1" daemon [_thread_blocked, id=22531, stack(0x000000011f282000,0x000000011f382000)]
  0x00007fabf285c000 JavaThread "C2 CompilerThread0" daemon [_thread_blocked, id=22019, stack(0x000000011f17f000,0x000000011f27f000)]
  0x00007fabf2855000 JavaThread "Signal Dispatcher" daemon [_thread_blocked, id=20011, stack(0x000000011f07c000,0x000000011f17c000)]
  0x00007fabf1017800 JavaThread "Finalizer" daemon [_thread_blocked, id=16899, stack(0x000000011eda8000,0x000000011eea8000)]
  0x00007fabf1015000 JavaThread "Reference Handler" daemon [_thread_blocked, id=16387, stack(0x000000011eca5000,0x000000011eda5000)]

Other Threads:
  0x00007fabf1014000 VMThread [stack: 0x000000011eba2000,0x000000011eca2000] [id=15875]
  0x00007fabf2851000 WatcherThread [stack: 0x000000011f488000,0x000000011f588000] [id=23555]

VM state:synchronizing (normal execution)

VM Mutex/Monitor currently owned by a thread:  ([mutex/lock_event])
[0x00007fabf1902ed0] Safepoint_lock - owner thread: 0x00007fabf1014000
[0x00007fabf1902f50] Threads_lock - owner thread: 0x00007fabf1014000

Heap
 PSYoungGen      total 76800K, used 4270K [0x00000007aaa80000, 0x00000007b4080000, 0x0000000800000000)
  eden space 66048K, 3% used [0x00000007aaa80000,0x00000007aad09740,0x00000007aeb00000)
  from space 10752K, 15% used [0x00000007af580000,0x00000007af722260,0x00000007b0000000)
  to   space 10752K, 0% used [0x00000007aeb00000,0x00000007aeb00000,0x00000007af580000)
 ParOldGen       total 174592K, used 16K [0x0000000700000000, 0x000000070aa80000, 0x00000007aaa80000)
  object space 174592K, 0% used [0x0000000700000000,0x0000000700004000,0x000000070aa80000)
 PSPermGen       total 21504K, used 8348K [0x00000006fae00000, 0x00000006fc300000, 0x0000000700000000)
  object space 21504K, 38% used [0x00000006fae00000,0x00000006fb627088,0x00000006fc300000)

Card table byte_map: [0x0000000113c2b000,0x0000000114455000] byte_map_base: 0x0000000110454000

Polling page: 0x0000000110ad5000

Code Cache  [0x0000000110b6b000, 0x0000000110ddb000, 0x0000000113b6b000)
 total_blobs=622 nmethods=245 adapters=331 free_code_cache=48203Kb largest_free_block=49331520

Compilation events (10 events):
Event: 13.433 Thread 0x00007fabf285c000 nmethod 239 0x0000000110c4a590 code [0x0000000110c4a6c0, 0x0000000110c4a718]
Event: 13.433 Thread 0x00007fabf285c000  240   !         java.io.PrintStream::write (69 bytes)
Event: 13.445 Thread 0x00007fabf285c000 nmethod 240 0x0000000110c5bc10 code [0x0000000110c5bdc0, 0x0000000110c5cb08]
Event: 13.445 Thread 0x00007fabf285c000  241  s          java.io.BufferedOutputStream::write (67 bytes)
Event: 13.449 Thread 0x00007fabf285c000 nmethod 241 0x0000000110c59610 code [0x0000000110c59780, 0x0000000110c59d18]
Event: 13.449 Thread 0x00007fabf285c000  243             org.lwjgl.MemoryUtil::getAddress0 (10 bytes)
Event: 13.449 Thread 0x00007fabf285c000 nmethod 243 0x0000000110c4c250 code [0x0000000110c4c380, 0x0000000110c4c3f8]
Event: 13.449 Thread 0x00007fabf285c000  244             org.lwjgl.MemoryUtilSun$AccessorUnsafe::getAddress (13 bytes)
Event: 13.450 Thread 0x00007fabf285c000 nmethod 244 0x0000000110c57010 code [0x0000000110c57140, 0x0000000110c571b8]
Event: 13.460 Thread 0x00007fabf285d800 nmethod 236 0x0000000110c5aa10 code [0x0000000110c5abe0, 0x0000000110c5b598]

GC Heap History (4 events):
Event: 13.334 GC heap before
{Heap before GC invocations=1 (full 0):
 PSYoungGen      total 76800K, used 66048K [0x00000007aaa80000, 0x00000007b0000000, 0x0000000800000000)
  eden space 66048K, 100% used [0x00000007aaa80000,0x00000007aeb00000,0x00000007aeb00000)
  from space 10752K, 0% used [0x00000007af580000,0x00000007af580000,0x00000007b0000000)
  to   space 10752K, 0% used [0x00000007aeb00000,0x00000007aeb00000,0x00000007af580000)
 ParOldGen       total 174592K, used 0K [0x0000000700000000, 0x000000070aa80000, 0x00000007aaa80000)
  object space 174592K, 0% used [0x0000000700000000,0x0000000700000000,0x000000070aa80000)
 PSPermGen       total 21504K, used 8336K [0x00000006fae00000, 0x00000006fc300000, 0x0000000700000000)
  object space 21504K, 38% used [0x00000006fae00000,0x00000006fb624290,0x00000006fc300000)
Event: 13.341 GC heap after
Heap after GC invocations=1 (full 0):
 PSYoungGen      total 76800K, used 3295K [0x00000007aaa80000, 0x00000007b0000000, 0x0000000800000000)
  eden space 66048K, 0% used [0x00000007aaa80000,0x00000007aaa80000,0x00000007aeb00000)
  from space 10752K, 30% used [0x00000007aeb00000,0x00000007aee37d88,0x00000007af580000)
  to   space 10752K, 0% used [0x00000007af580000,0x00000007af580000,0x00000007b0000000)
 ParOldGen       total 174592K, used 8K [0x0000000700000000, 0x000000070aa80000, 0x00000007aaa80000)
  object space 174592K, 0% used [0x0000000700000000,0x0000000700002000,0x000000070aa80000)
 PSPermGen       total 21504K, used 8336K [0x00000006fae00000, 0x00000006fc300000, 0x0000000700000000)
  object space 21504K, 38% used [0x00000006fae00000,0x00000006fb624290,0x00000006fc300000)
}
Event: 13.465 GC heap before
{Heap before GC invocations=2 (full 0):
 PSYoungGen      total 76800K, used 69343K [0x00000007aaa80000, 0x00000007b0000000, 0x0000000800000000)
  eden space 66048K, 100% used [0x00000007aaa80000,0x00000007aeb00000,0x00000007aeb00000)
  from space 10752K, 30% used [0x00000007aeb00000,0x00000007aee37d88,0x00000007af580000)
  to   space 10752K, 0% used [0x00000007af580000,0x00000007af580000,0x00000007b0000000)
 ParOldGen       total 174592K, used 8K [0x0000000700000000, 0x000000070aa80000, 0x00000007aaa80000)
  object space 174592K, 0% used [0x0000000700000000,0x0000000700002000,0x000000070aa80000)
 PSPermGen       total 21504K, used 8348K [0x00000006fae00000, 0x00000006fc300000, 0x0000000700000000)
  object space 21504K, 38% used [0x00000006fae00000,0x00000006fb627088,0x00000006fc300000)
Event: 13.468 GC heap after
Heap after GC invocations=2 (full 0):
 PSYoungGen      total 76800K, used 1672K [0x00000007aaa80000, 0x00000007b4080000, 0x0000000800000000)
  eden space 66048K, 0% used [0x00000007aaa80000,0x00000007aaa80000,0x00000007aeb00000)
  from space 10752K, 15% used [0x00000007af580000,0x00000007af722260,0x00000007b0000000)
  to   space 10752K, 0% used [0x00000007aeb00000,0x00000007aeb00000,0x00000007af580000)
 ParOldGen       total 174592K, used 16K [0x0000000700000000, 0x000000070aa80000, 0x00000007aaa80000)
  object space 174592K, 0% used [0x0000000700000000,0x0000000700004000,0x000000070aa80000)
 PSPermGen       total 21504K, used 8348K [0x00000006fae00000, 0x00000006fc300000, 0x0000000700000000)
  object space 21504K, 38% used [0x00000006fae00000,0x00000006fb627088,0x00000006fc300000)
}

Deoptimization events (10 events):
Event: 8.253 Thread 0x00007fabf20c6800 Uncommon trap: reason=class_check action=maybe_recompile pc=0x0000000110c1dd78 method=java.lang.reflect.Array.newInstance(Ljava/lang/Class;I)Ljava/lang/Object; @ 2
Event: 8.254 Thread 0x00007fabf20c6800 Uncommon trap: reason=class_check action=maybe_recompile pc=0x0000000110c1dd78 method=java.lang.reflect.Array.newInstance(Ljava/lang/Class;I)Ljava/lang/Object; @ 2
Event: 10.752 Thread 0x00007fabf208b000 Uncommon trap: reason=unreached action=reinterpret pc=0x0000000110c23ee0 method=java.util.HashMap.put(Ljava/lang/Object;Ljava/lang/Object;)Ljava/lang/Object; @ 77
Event: 13.140 Thread 0x00007fabf2800000 Uncommon trap: reason=unreached action=reinterpret pc=0x0000000110bfae9c method=java.lang.AbstractStringBuilder.append(Ljava/lang/String;)Ljava/lang/AbstractStringBuilder; @ 1
Event: 13.140 Thread 0x00007fabf2800000 Uncommon trap: reason=unreached action=reinterpret pc=0x0000000110bfbd98 method=java.lang.AbstractStringBuilder.append(Ljava/lang/String;)Ljava/lang/AbstractStringBuilder; @ 1
Event: 13.356 Thread 0x00007fabf2077000 Uncommon trap: reason=array_check action=maybe_recompile pc=0x0000000110c4b3b4 method=java.util.AbstractCollection.toArray([Ljava/lang/Object;)[Ljava/lang/Object; @ 119
Event: 13.358 Thread 0x00007fabf2077000 Uncommon trap: reason=array_check action=maybe_recompile pc=0x0000000110c4b3b4 method=java.util.AbstractCollection.toArray([Ljava/lang/Object;)[Ljava/lang/Object; @ 119
Event: 13.358 Thread 0x00007fabf2077000 Uncommon trap: reason=array_check action=maybe_recompile pc=0x0000000110c4b3b4 method=java.util.AbstractCollection.toArray([Ljava/lang/Object;)[Ljava/lang/Object; @ 119
Event: 13.358 Thread 0x00007fabf2077000 Uncommon trap: reason=array_check action=maybe_recompile pc=0x0000000110c4b3b4 method=java.util.AbstractCollection.toArray([Ljava/lang/Object;)[Ljava/lang/Object; @ 119
Event: 13.436 Thread 0x00007fabf20c6800 Uncommon trap: reason=null_check action=make_not_entrant pc=0x0000000110c5515c method=com.google.gson.internal.bind.TypeAdapters$31.create(Lcom/google/gson/Gson;Lcom/google/gson/reflect/TypeToken;)Lcom/google/gson/TypeAdapter; @ 8

Internal exceptions (10 events):
Event: 13.464 Thread 0x00007fabf2077000 Threw 0x00000007ae19e9d8 at /HUDSON/workspace/7u-2-build-macosx-x86_64/jdk7u45/229/hotspot/src/share/vm/interpreter/interpreterRuntime.cpp:347
Event: 13.464 Thread 0x00007fabf2077000 Threw 0x00000007ae19f500 at /HUDSON/workspace/7u-2-build-macosx-x86_64/jdk7u45/229/hotspot/src/share/vm/interpreter/interpreterRuntime.cpp:347
Event: 13.465 Thread 0x00007fabf2077000 Threw 0x00000007ae1a0028 at /HUDSON/workspace/7u-2-build-macosx-x86_64/jdk7u45/229/hotspot/src/share/vm/interpreter/interpreterRuntime.cpp:347
Event: 13.465 Thread 0x00007fabf2077000 Threw 0x00000007ae1a0b70 at /HUDSON/workspace/7u-2-build-macosx-x86_64/jdk7u45/229/hotspot/src/share/vm/interpreter/interpreterRuntime.cpp:347
Event: 13.465 Thread 0x00007fabf2077000 Threw 0x00000007ae1a1698 at /HUDSON/workspace/7u-2-build-macosx-x86_64/jdk7u45/229/hotspot/src/share/vm/interpreter/interpreterRuntime.cpp:347
Event: 13.465 Thread 0x00007fabf2077000 Threw 0x00000007ae1a21c0 at /HUDSON/workspace/7u-2-build-macosx-x86_64/jdk7u45/229/hotspot/src/share/vm/interpreter/interpreterRuntime.cpp:347
Event: 13.465 Thread 0x00007fabf2077000 Threw 0x00000007ae1a2ce8 at /HUDSON/workspace/7u-2-build-macosx-x86_64/jdk7u45/229/hotspot/src/share/vm/interpreter/interpreterRuntime.cpp:347
Event: 13.465 Thread 0x00007fabf2077000 Threw 0x00000007ae1a3810 at /HUDSON/workspace/7u-2-build-macosx-x86_64/jdk7u45/229/hotspot/src/share/vm/interpreter/interpreterRuntime.cpp:347
Event: 13.469 Thread 0x00007fabf2077000 Threw 0x00000007af5b4550 at /HUDSON/workspace/7u-2-build-macosx-x86_64/jdk7u45/229/hotspot/src/share/vm/interpreter/interpreterRuntime.cpp:347
Event: 13.469 Thread 0x00007fabf2077000 Threw 0x00000007aabe67c8 at /HUDSON/workspace/7u-2-build-macosx-x86_64/jdk7u45/229/hotspot/src/share/vm/interpreter/interpreterRuntime.cpp:347

Events (10 events):
Event: 13.462 loading class 0x00007fabf182c4b0 done
Event: 13.465 Executing VM operation: ParallelGCFailedAllocation
Event: 13.468 Executing VM operation: ParallelGCFailedAllocation done
Event: 13.469 Executing VM operation: RevokeBias
Event: 13.469 Executing VM operation: RevokeBias done
Event: 13.469 Executing VM operation: RevokeBias
Event: 13.469 Executing VM operation: RevokeBias done
Event: 13.469 Executing VM operation: RevokeBias
Event: 13.469 Executing VM operation: RevokeBias done
Event: 13.469 Executing VM operation: RevokeBias


Dynamic libraries:
0x000000000904d000 	/System/Library/Frameworks/Cocoa.framework/Versions/A/Cocoa
0x000000000904d000 	/System/Library/Frameworks/Security.framework/Versions/A/Security
0x000000000904d000 	/System/Library/Frameworks/ApplicationServices.framework/Versions/A/ApplicationServices
0x000000000904d000 	/usr/lib/libz.1.dylib
0x000000000904d000 	/usr/lib/libSystem.B.dylib
0x000000000904d000 	/usr/lib/libobjc.A.dylib
0x000000000904d000 	/System/Library/Frameworks/CoreFoundation.framework/Versions/A/CoreFoundation
0x000000000904d000 	/System/Library/Frameworks/Foundation.framework/Versions/C/Foundation
0x000000000904d000 	/System/Library/Frameworks/AppKit.framework/Versions/C/AppKit
0x000000000904d000 	/System/Library/Frameworks/CoreData.framework/Versions/A/CoreData
0x000000000904d000 	/System/Library/PrivateFrameworks/RemoteViewServices.framework/Versions/A/RemoteViewServices
0x000000000904d000 	/System/Library/Frameworks/AudioToolbox.framework/Versions/A/AudioToolbox
0x000000000904d000 	/System/Library/Frameworks/AudioUnit.framework/Versions/A/AudioUnit
0x000000000904d000 	/System/Library/PrivateFrameworks/DataDetectorsCore.framework/Versions/A/DataDetectorsCore
0x000000000904d000 	/System/Library/PrivateFrameworks/DesktopServicesPriv.framework/Versions/A/DesktopServicesPriv
0x000000000904d000 	/System/Library/Frameworks/Carbon.framework/Versions/A/Frameworks/HIToolbox.framework/Versions/A/HIToolbox
0x000000000904d000 	/System/Library/Frameworks/QuartzCore.framework/Versions/A/QuartzCore
0x000000000904d000 	/System/Library/Frameworks/Carbon.framework/Versions/A/Frameworks/SpeechRecognition.framework/Versions/A/SpeechRecognition
0x000000000904d000 	/usr/lib/libauto.dylib
0x000000000904d000 	/usr/lib/libicucore.A.dylib
0x000000000904d000 	/usr/lib/libxml2.2.dylib
0x000000000904d000 	/System/Library/PrivateFrameworks/CoreUI.framework/Versions/A/CoreUI
0x000000000904d000 	/System/Library/Frameworks/CoreAudio.framework/Versions/A/CoreAudio
0x000000000904d000 	/System/Library/Frameworks/DiskArbitration.framework/Versions/A/DiskArbitration
0x000000000904d000 	/usr/lib/liblangid.dylib
0x000000000904d000 	/System/Library/PrivateFrameworks/MultitouchSupport.framework/Versions/A/MultitouchSupport
0x000000000904d000 	/System/Library/Frameworks/IOKit.framework/Versions/A/IOKit
0x000000000904d000 	/usr/lib/libDiagnosticMessagesClient.dylib
0x000000000904d000 	/System/Library/Frameworks/CoreServices.framework/Versions/A/CoreServices
0x000000000904d000 	/System/Library/PrivateFrameworks/PerformanceAnalysis.framework/Versions/A/PerformanceAnalysis
0x000000000904d000 	/System/Library/PrivateFrameworks/GenerationalStorage.framework/Versions/A/GenerationalStorage
0x000000000904d000 	/System/Library/Frameworks/OpenGL.framework/Versions/A/OpenGL
0x000000000904d000 	/System/Library/Frameworks/CoreText.framework/Versions/A/CoreText
0x000000000904d000 	/System/Library/Frameworks/ImageIO.framework/Versions/A/ImageIO
0x000000000904d000 	/System/Library/PrivateFrameworks/Backup.framework/Versions/A/Backup
0x000000000904d000 	/System/Library/Frameworks/CFNetwork.framework/Versions/A/CFNetwork
0x000000000904d000 	/System/Library/Frameworks/SystemConfiguration.framework/Versions/A/SystemConfiguration
0x000000000904d000 	/usr/lib/libCRFSuite.dylib
0x000000000904d000 	/System/Library/PrivateFrameworks/TCC.framework/Versions/A/TCC
0x000000000904d000 	/usr/lib/libc++.1.dylib
0x000000000904d000 	/usr/lib/libc++abi.dylib
0x000000000904d000 	/usr/lib/system/libcache.dylib
0x000000000904d000 	/usr/lib/system/libcommonCrypto.dylib
0x000000000904d000 	/usr/lib/system/libcompiler_rt.dylib
0x000000000904d000 	/usr/lib/system/libcopyfile.dylib
0x000000000904d000 	/usr/lib/system/libdispatch.dylib
0x000000000904d000 	/usr/lib/system/libdnsinfo.dylib
0x000000000904d000 	/usr/lib/system/libdyld.dylib
0x000000000904d000 	/usr/lib/system/libkeymgr.dylib
0x000000000904d000 	/usr/lib/system/liblaunch.dylib
0x000000000904d000 	/usr/lib/system/libmacho.dylib
0x000000000904d000 	/usr/lib/system/libquarantine.dylib
0x000000000904d000 	/usr/lib/system/libremovefile.dylib
0x000000000904d000 	/usr/lib/system/libsystem_blocks.dylib
0x000000000904d000 	/usr/lib/system/libsystem_c.dylib
0x000000000904d000 	/usr/lib/system/libsystem_dnssd.dylib
0x000000000904d000 	/usr/lib/system/libsystem_info.dylib
0x000000000904d000 	/usr/lib/system/libsystem_kernel.dylib
0x000000000904d000 	/usr/lib/system/libsystem_m.dylib
0x000000000904d000 	/usr/lib/system/libsystem_network.dylib
0x000000000904d000 	/usr/lib/system/libsystem_notify.dylib
0x000000000904d000 	/usr/lib/system/libsystem_sandbox.dylib
0x000000000904d000 	/usr/lib/system/libunc.dylib
0x000000000904d000 	/usr/lib/system/libunwind.dylib
0x000000000904d000 	/usr/lib/system/libxpc.dylib
0x000000000904d000 	/usr/lib/system/libcorecrypto.dylib
0x000000000904d000 	/usr/lib/libstdc++.6.dylib
0x000000000904d000 	/usr/lib/libbsm.0.dylib
0x000000000904d000 	/usr/lib/libsqlite3.dylib
0x000000000904d000 	/usr/lib/libxar.1.dylib
0x000000000904d000 	/usr/lib/libpam.2.dylib
0x000000000904d000 	/usr/lib/libOpenScriptingUtil.dylib
0x000000000904d000 	/usr/lib/libbz2.1.0.dylib
0x000000000904d000 	/System/Library/Frameworks/CoreServices.framework/Versions/A/Frameworks/CarbonCore.framework/Versions/A/CarbonCore
0x000000000904d000 	/System/Library/Frameworks/CoreServices.framework/Versions/A/Frameworks/Metadata.framework/Versions/A/Metadata
0x000000000904d000 	/System/Library/Frameworks/CoreServices.framework/Versions/A/Frameworks/OSServices.framework/Versions/A/OSServices
0x000000000904d000 	/System/Library/Frameworks/CoreServices.framework/Versions/A/Frameworks/SearchKit.framework/Versions/A/SearchKit
0x000000000904d000 	/System/Library/Frameworks/CoreServices.framework/Versions/A/Frameworks/AE.framework/Versions/A/AE
0x000000000904d000 	/System/Library/Frameworks/CoreServices.framework/Versions/A/Frameworks/LaunchServices.framework/Versions/A/LaunchServices
0x000000000904d000 	/System/Library/Frameworks/CoreServices.framework/Versions/A/Frameworks/DictionaryServices.framework/Versions/A/DictionaryServices
0x000000000904d000 	/System/Library/Frameworks/NetFS.framework/Versions/A/NetFS
0x000000000904d000 	/usr/lib/system/libkxld.dylib
0x000000000904d000 	/System/Library/PrivateFrameworks/NetAuth.framework/Versions/A/NetAuth
0x000000000904d000 	/System/Library/Frameworks/OpenDirectory.framework/Versions/A/Frameworks/CFOpenDirectory.framework/Versions/A/CFOpenDirectory
0x000000000904d000 	/usr/lib/libxslt.1.dylib
0x000000000904d000 	/System/Library/PrivateFrameworks/FamilyControls.framework/Versions/A/FamilyControls
0x000000000904d000 	/System/Library/Frameworks/Carbon.framework/Versions/A/Frameworks/Ink.framework/Versions/A/Ink
0x000000000904d000 	/System/Library/Frameworks/ApplicationServices.framework/Versions/A/Frameworks/CoreGraphics.framework/Versions/A/CoreGraphics
0x000000000904d000 	/System/Library/Frameworks/ApplicationServices.framework/Versions/A/Frameworks/ATS.framework/Versions/A/ATS
0x000000000904d000 	/System/Library/Frameworks/ApplicationServices.framework/Versions/A/Frameworks/ColorSync.framework/Versions/A/ColorSync
0x000000000904d000 	/System/Library/Frameworks/ApplicationServices.framework/Versions/A/Frameworks/HIServices.framework/Versions/A/HIServices
0x000000000904d000 	/System/Library/Frameworks/ApplicationServices.framework/Versions/A/Frameworks/LangAnalysis.framework/Versions/A/LangAnalysis
0x000000000904d000 	/System/Library/Frameworks/ApplicationServices.framework/Versions/A/Frameworks/PrintCore.framework/Versions/A/PrintCore
0x000000000904d000 	/System/Library/Frameworks/ApplicationServices.framework/Versions/A/Frameworks/QD.framework/Versions/A/QD
0x000000000904d000 	/System/Library/Frameworks/ApplicationServices.framework/Versions/A/Frameworks/SpeechSynthesis.framework/Versions/A/SpeechSynthesis
0x000000000904d000 	/System/Library/Frameworks/IOSurface.framework/Versions/A/IOSurface
0x000000000904d000 	/System/Library/Frameworks/Accelerate.framework/Versions/A/Accelerate
0x000000000904d000 	/System/Library/Frameworks/ApplicationServices.framework/Versions/A/Frameworks/ATS.framework/Versions/A/Resources/libFontParser.dylib
0x000000000904d000 	/System/Library/Frameworks/ApplicationServices.framework/Versions/A/Frameworks/ATS.framework/Versions/A/Resources/libFontRegistry.dylib
0x000000000904d000 	/System/Library/Frameworks/Accelerate.framework/Versions/A/Frameworks/vImage.framework/Versions/A/vImage
0x000000000904d000 	/System/Library/Frameworks/Accelerate.framework/Versions/A/Frameworks/vecLib.framework/Versions/A/vecLib
0x000000000904d000 	/System/Library/Frameworks/Accelerate.framework/Versions/A/Frameworks/vecLib.framework/Versions/A/libvDSP.dylib
0x000000000904d000 	/System/Library/Frameworks/Accelerate.framework/Versions/A/Frameworks/vecLib.framework/Versions/A/libvMisc.dylib
0x000000000904d000 	/System/Library/Frameworks/Accelerate.framework/Versions/A/Frameworks/vecLib.framework/Versions/A/libLAPACK.dylib
0x000000000904d000 	/System/Library/Frameworks/Accelerate.framework/Versions/A/Frameworks/vecLib.framework/Versions/A/libBLAS.dylib
0x000000000904d000 	/System/Library/Frameworks/ImageIO.framework/Versions/A/Resources/libJPEG.dylib
0x000000000904d000 	/System/Library/Frameworks/ImageIO.framework/Versions/A/Resources/libTIFF.dylib
0x000000000904d000 	/System/Library/Frameworks/ImageIO.framework/Versions/A/Resources/libPng.dylib
0x000000000904d000 	/System/Library/Frameworks/ImageIO.framework/Versions/A/Resources/libGIF.dylib
0x000000000904d000 	/System/Library/Frameworks/ImageIO.framework/Versions/A/Resources/libJP2.dylib
0x000000000904d000 	/System/Library/Frameworks/ImageIO.framework/Versions/A/Resources/libRadiance.dylib
0x000000000904d000 	/usr/lib/libcups.2.dylib
0x000000000904d000 	/System/Library/Frameworks/Kerberos.framework/Versions/A/Kerberos
0x000000000904d000 	/System/Library/Frameworks/GSS.framework/Versions/A/GSS
0x000000000904d000 	/usr/lib/libresolv.9.dylib
0x000000000904d000 	/usr/lib/libiconv.2.dylib
0x000000000904d000 	/System/Library/PrivateFrameworks/Heimdal.framework/Versions/A/Heimdal
0x000000000904d000 	/System/Library/PrivateFrameworks/TrustEvaluationAgent.framework/Versions/A/TrustEvaluationAgent
0x000000000904d000 	/System/Library/Frameworks/OpenDirectory.framework/Versions/A/OpenDirectory
0x000000000904d000 	/System/Library/PrivateFrameworks/CommonAuth.framework/Versions/A/CommonAuth
0x000000000904d000 	/System/Library/PrivateFrameworks/Bom.framework/Versions/A/Bom
0x000000000904d000 	/System/Library/Frameworks/CoreVideo.framework/Versions/A/CoreVideo
0x000000000904d000 	/System/Library/Frameworks/QuartzCore.framework/Versions/A/Frameworks/CoreImage.framework/Versions/A/CoreImage
0x000000000904d000 	/System/Library/Frameworks/QuartzCore.framework/Versions/A/Frameworks/ScalableUserInterface.framework/Versions/A/ScalableUserInterface
0x000000000904d000 	/System/Library/Frameworks/OpenGL.framework/Versions/A/Libraries/libGLU.dylib
0x000000000904d000 	/System/Library/Frameworks/OpenGL.framework/Versions/A/Libraries/libGFXShared.dylib
0x000000000904d000 	/System/Library/Frameworks/OpenGL.framework/Versions/A/Libraries/libGL.dylib
0x000000000904d000 	/System/Library/Frameworks/OpenGL.framework/Versions/A/Libraries/libGLImage.dylib
0x000000000904d000 	/System/Library/Frameworks/OpenGL.framework/Versions/A/Libraries/libCVMSPluginSupport.dylib
0x000000000904d000 	/System/Library/Frameworks/OpenGL.framework/Versions/A/Libraries/libCoreVMClient.dylib
0x000000000904d000 	/System/Library/PrivateFrameworks/CrashReporterSupport.framework/Versions/A/CrashReporterSupport
0x000000000904d000 	/System/Library/Frameworks/OpenCL.framework/Versions/A/OpenCL
0x000000000904d000 	/System/Library/PrivateFrameworks/FaceCoreLight.framework/Versions/A/FaceCoreLight
0x000000000904d000 	/System/Library/PrivateFrameworks/AppleFSCompression.framework/Versions/A/AppleFSCompression
0x000000000904d000 	/System/Library/PrivateFrameworks/Ubiquity.framework/Versions/A/Ubiquity
0x000000000904d000 	/System/Library/Frameworks/ServiceManagement.framework/Versions/A/ServiceManagement
0x000000000904d000 	/System/Library/PrivateFrameworks/ChunkingLibrary.framework/Versions/A/ChunkingLibrary
0x000000000904d000 	/System/Library/Frameworks/vecLib.framework/Versions/A/vecLib
0x000000000904d000 	/System/Library/Frameworks/SecurityFoundation.framework/Versions/A/SecurityFoundation
0x000000000904d000 	/System/Library/PrivateFrameworks/CommerceKit.framework/Versions/A/Frameworks/CommerceCore.framework/Versions/A/CommerceCore
0x000000000904d000 	/System/Library/PrivateFrameworks/CoreSymbolication.framework/Versions/A/CoreSymbolication
0x000000000904d000 	/System/Library/PrivateFrameworks/Symbolication.framework/Versions/A/Symbolication
0x000000000904d000 	/System/Library/PrivateFrameworks/DebugSymbols.framework/Versions/A/DebugSymbols
0x000000010ff42000 	/Library/Java/JavaVirtualMachines/jdk1.7.0_45.jdk/Contents/Home/jre/lib/server/libjvm.dylib
0x0000000110a98000 	/Library/Java/JavaVirtualMachines/jdk1.7.0_45.jdk/Contents/Home/jre/lib/libverify.dylib
0x0000000110aa5000 	/Library/Java/JavaVirtualMachines/jdk1.7.0_45.jdk/Contents/Home/jre/lib/libjava.dylib
0x0000000110b62000 	/Library/Java/JavaVirtualMachines/jdk1.7.0_45.jdk/Contents/Home/jre/lib/libzip.dylib
0x000000011eeaa000 	/System/Library/Frameworks/JavaVM.framework/Frameworks/JavaRuntimeSupport.framework/JavaRuntimeSupport
0x000000011eec2000 	/System/Library/Frameworks/JavaVM.framework/Versions/A/Frameworks/JavaNativeFoundation.framework/Versions/A/JavaNativeFoundation
0x000000011eed7000 	/System/Library/Frameworks/JavaVM.framework/Versions/A/JavaVM
0x000000000904d000 	/System/Library/Frameworks/Carbon.framework/Versions/A/Carbon
0x000000011eee4000 	/System/Library/PrivateFrameworks/JavaLaunching.framework/Versions/A/JavaLaunching
0x000000000904d000 	/System/Library/Frameworks/Carbon.framework/Versions/A/Frameworks/CommonPanels.framework/Versions/A/CommonPanels
0x000000000904d000 	/System/Library/Frameworks/Carbon.framework/Versions/A/Frameworks/Help.framework/Versions/A/Help
0x000000000904d000 	/System/Library/Frameworks/Carbon.framework/Versions/A/Frameworks/ImageCapture.framework/Versions/A/ImageCapture
0x000000000904d000 	/System/Library/Frameworks/Carbon.framework/Versions/A/Frameworks/OpenScripting.framework/Versions/A/OpenScripting
0x000000000904d000 	/System/Library/Frameworks/Carbon.framework/Versions/A/Frameworks/Print.framework/Versions/A/Print
0x000000000904d000 	/System/Library/Frameworks/Carbon.framework/Versions/A/Frameworks/SecurityHI.framework/Versions/A/SecurityHI
0x000000011f621000 	/private/var/folders/l6/t__ll8y91bg2b3692zf5qjxm0000gn/T/libgdxdoverwong/92bf976d/libgdx.dylib
0x000000011f6a7000 	/Library/Java/JavaVirtualMachines/jdk1.7.0_45.jdk/Contents/Home/jre/lib/libawt.dylib
0x000000011f756000 	/Library/Java/JavaVirtualMachines/jdk1.7.0_45.jdk/Contents/Home/jre/lib/./libmlib_image.dylib
0x000000011f822000 	/Library/Java/JavaVirtualMachines/jdk1.7.0_45.jdk/Contents/Home/jre/lib/lwawt/liblwawt.dylib
0x000000011f8d6000 	/Library/Java/JavaVirtualMachines/jdk1.7.0_45.jdk/Contents/Home/jre/lib/libosxapp.dylib
0x000000011f8f0000 	/System/Library/Frameworks/ExceptionHandling.framework/Versions/A/ExceptionHandling
0x000000000904d000 	/System/Library/PrivateFrameworks/CoreServicesInternal.framework/Versions/A/CoreServicesInternal
0x000000000904d000 	/System/Library/PrivateFrameworks/Librarian.framework/Versions/A/Librarian
0x000000000904d000 	/System/Library/Frameworks/ApplicationServices.framework/Versions/A/Frameworks/CoreGraphics.framework/Versions/A/Resources/libCSync.A.dylib
0x000000000904d000 	/System/Library/Frameworks/ApplicationServices.framework/Versions/A/Frameworks/CoreGraphics.framework/Versions/A/Resources/libRIP.A.dylib
0x000000000904d000 	/System/Library/Frameworks/ApplicationServices.framework/Versions/A/Frameworks/CoreGraphics.framework/Versions/A/Resources/libCGXType.A.dylib
0x0000000120efc000 	/Library/Java/JavaVirtualMachines/jdk1.7.0_45.jdk/Contents/Home/jre/lib/libfontmanager.dylib
0x0000000123584000 	/private/var/folders/l6/t__ll8y91bg2b3692zf5qjxm0000gn/T/libgdxdoverwong/75260a42/liblwjgl.jnilib
0x0000000121cf8000 	/Library/Java/JavaVirtualMachines/jdk1.7.0_45.jdk/Contents/Home/jre/lib/libjawt.dylib
0x00000001235ff000 	/var/folders/l6/t__ll8y91bg2b3692zf5qjxm0000gn/T/libgdxdoverwong/75260a42/openal.dylib
0x00000000b365b000 	/System/Library/Components/CoreAudio.component/Contents/MacOS/CoreAudio
0x0000000121d22000 	/System/Library/Extensions/AppleHDA.kext/Contents/PlugIns/AppleHDAHALPlugIn.bundle/Contents/MacOS/AppleHDAHALPlugIn
0x00000001239d4000 	/System/Library/Frameworks/OpenGL.framework/Resources/GLEngine.bundle/GLEngine
0x0000000123bc2000 	/System/Library/Frameworks/OpenGL.framework/Versions/A/Libraries/libGLProgrammability.dylib
0x0000000123d38000 	/System/Library/Extensions/AppleIntelHD4000GraphicsGLDriver.bundle/Contents/MacOS/AppleIntelHD4000GraphicsGLDriver
0x000000012431a000 	/System/Library/PrivateFrameworks/GPUSupport.framework/Versions/A/Libraries/libGPUSupport.dylib
0x000000012432f000 	/System/Library/Frameworks/OpenGL.framework/Resources//GLRendererFloat.bundle/GLRendererFloat
0x0000000124365000 	/System/Library/Frameworks/OpenCL.framework/Versions/A/Libraries/libcldcpuengine.dylib
0x000000000904d000 	/System/Library/PrivateFrameworks/DiskImages.framework/Versions/A/DiskImages
0x0000000124374000 	/System/Library/Frameworks/OpenGL.framework/Versions/A/Libraries/libCoreFSCache.dylib
0x000000000904d000 	/System/Library/Frameworks/DiscRecording.framework/Versions/A/DiscRecording
0x000000000904d000 	/usr/lib/libcurl.4.dylib
0x000000000904d000 	/System/Library/PrivateFrameworks/MediaKit.framework/Versions/A/MediaKit
0x000000000904d000 	/usr/lib/libssl.0.9.8.dylib
0x000000000904d000 	/usr/lib/libcrypto.0.9.8.dylib
0x000000000904d000 	/System/Library/Frameworks/LDAP.framework/Versions/A/LDAP
0x000000000904d000 	/usr/lib/libsasl2.2.dylib
0x0000000121f8d000 	/Library/Java/JavaVirtualMachines/jdk1.7.0_45.jdk/Contents/Home/jre/lib/libnet.dylib

VM Arguments:
jvm_args: -Dfile.encoding=US-ASCII 
java_command: com.sutd.pong.Main
Launcher Type: SUN_STANDARD

Environment Variables:
PATH=/usr/bin:/bin:/usr/sbin:/sbin
SHELL=/bin/bash
DISPLAY=/tmp/launch-ZucKaj/org.macosforge.xquartz:0

Signal Handlers:
SIGSEGV: [libjvm.dylib+0x525415], sa_mask[0]=0xfffefeff, sa_flags=0x00000043
SIGBUS: [libjvm.dylib+0x525415], sa_mask[0]=0xfffefeff, sa_flags=0x00000042
SIGFPE: [libjvm.dylib+0x41891a], sa_mask[0]=0xfffefeff, sa_flags=0x00000042
SIGPIPE: [libjvm.dylib+0x41891a], sa_mask[0]=0xfffefeff, sa_flags=0x00000042
SIGXFSZ: [libjvm.dylib+0x41891a], sa_mask[0]=0xfffefeff, sa_flags=0x00000042
SIGILL: [libjvm.dylib+0x41891a], sa_mask[0]=0xfffefeff, sa_flags=0x00000042
SIGUSR1: SIG_DFL, sa_mask[0]=0x00000000, sa_flags=0x00000002
SIGUSR2: [libjvm.dylib+0x41840c], sa_mask[0]=0x00000004, sa_flags=0x00000042
SIGHUP: [libjvm.dylib+0x41669b], sa_mask[0]=0xfffefeff, sa_flags=0x00000042
SIGINT: [libjvm.dylib+0x41669b], sa_mask[0]=0xfffefeff, sa_flags=0x00000042
SIGTERM: [libjvm.dylib+0x41669b], sa_mask[0]=0xfffefeff, sa_flags=0x00000042
SIGQUIT: [libjvm.dylib+0x41669b], sa_mask[0]=0xfffefeff, sa_flags=0x00000042


---------------  S Y S T E M  ---------------

OS:Bsduname:Darwin 12.2.0 Darwin Kernel Version 12.2.0: Sat Aug 25 00:48:52 PDT 2012; root:xnu-2050.18.24~1/RELEASE_X86_64 x86_64
rlimit: STACK 8192k, CORE 0k, NPROC 709, NOFILE 10240, AS infinity
load average:2.17 2.12 2.13

CPU:total 4 (2 cores per cpu, 2 threads per core) family 6 model 58 stepping 9, cmov, cx8, fxsr, mmx, sse, sse2, sse3, ssse3, sse4.1, sse4.2, popcnt, avx, aes, erms, ht, tsc, tscinvbit, tscinv

Memory: 4k page, physical 16777216k(4194304k free)

/proc/meminfo:


vm_info: Java HotSpot(TM) 64-Bit Server VM (24.45-b08) for bsd-amd64 JRE (1.7.0_45-b18), built on Oct  8 2013 05:54:16 by "java_re" with gcc 4.2.1 (Based on Apple Inc. build 5658) (LLVM build 2336.11.00)

time: Sun Apr 20 15:13:36 2014
elapsed time: 13 seconds

