#
# A fatal error has been detected by the Java Runtime Environment:
#
#  SIGSEGV (0xb) at pc=0x00007fff8cf63250, pid=11993, tid=1799
#
# JRE version: Java(TM) SE Runtime Environment (7.0_45-b18) (build 1.7.0_45-b18)
# Java VM: Java HotSpot(TM) 64-Bit Server VM (24.45-b08 mixed mode bsd-amd64 compressed oops)
# Problematic frame:
# C  [libobjc.A.dylib+0x6250]  objc_msgSend+0x10
#
# Failed to write core dump. Core dumps have been disabled. To enable core dumping, try "ulimit -c unlimited" before starting Java again
#
# If you would like to submit a bug report, please visit:
#   http://bugreport.sun.com/bugreport/crash.jsp
# The crash happened outside the Java Virtual Machine in native code.
# See problematic frame for where to report the bug.
#

---------------  T H R E A D  ---------------

Current thread (0x00007fa8258a9000):  JavaThread "AppKit Thread" daemon [_thread_in_native, id=1799, stack(0x00007fff59422000,0x00007fff59c22000)]

siginfo:si_signo=SIGSEGV: si_errno=0, si_code=1 (SEGV_MAPERR), si_addr=0x0000000000000010

Registers:
RAX=0x00007fa824035e90, RBX=0x00007fa82347f3e8, RCX=0x00007fa8258dbc00, RDX=0x00007fa8234594b0
RSP=0x00007fff59c1d810, RBP=0x00007fff59c1d950, RSI=0x00007fff8a3df526, RDI=0x00007fa824035e90
R8 =0x00007fa8241013a0, R9 =0x0000000000000014, R10=0x0000000005080005, R11=0x0000000000000000
R12=0x0000000000000001, R13=0x0000000000000000, R14=0x00007fa823473840, R15=0x00007fa82347f3e0
RIP=0x00007fff8cf63250, EFLAGS=0x0000000000010246, ERR=0x0000000000000004
  TRAPNO=0x000000000000000e

Top of Stack: (sp=0x00007fff59c1d810)
0x00007fff59c1d810:   00007fa824035e90 00007fff9141647a
0x00007fff59c1d820:   0000000000000002 00007fff78dded4c
0x00007fff59c1d830:   0000000000000000 00007fa8241013a0
0x00007fff59c1d840:   00000000000f42f1 0000000000000002
0x00007fff59c1d850:   00007fa8234594b0 00007fa82403ad30
0x00007fff59c1d860:   00007fa82403a620 0000000000000002
0x00007fff59c1d870:   00007fa82347f3e0 0000000000000000
0x00007fff59c1d880:   0000000000000053 00007fa824101390
0x00007fff59c1d890:   0000000000000000 0000000000000051
0x00007fff59c1d8a0:   00007fff783ad0e0 0000000042000000
0x00007fff59c1d8b0:   00007fff914bfb50 00007fff79704c90
0x00007fff59c1d8c0:   00007fa824101390 0000000000000051
0x00007fff59c1d8d0:   0000000000000000 00000000000f42ef
0x00007fff59c1d8e0:   00007fa82414cfc0 00007fa8234594b0
0x00007fff59c1d8f0:   0000000000000013 0000000000000000
0x00007fff59c1d900:   00007fa82403a620 0000000000000000
0x00007fff59c1d910:   00007fff59c1d950 00007fff9426e933
0x00007fff59c1d920:   00007fa82401a270 00007fa8234594b0
0x00007fff59c1d930:   00007fff8cf63240 00007fa82412dd30
0x00007fff59c1d940:   00007fa82401a270 0000000000000000
0x00007fff59c1d950:   00007fff59c1d970 00007fff9426e846
0x00007fff59c1d960:   00007fa82403a620 0000000000000000
0x00007fff59c1d970:   00007fff59c1d9a0 00007fff89c02c42
0x00007fff59c1d980:   00007fa82403a620 00007fff8cf63240
0x00007fff59c1d990:   0000000000000000 0000000000000000
0x00007fff59c1d9a0:   00007fff59c1d9e0 00007fff89c025fe
0x00007fff59c1d9b0:   00007fa82403a620 00007fff8cf63240
0x00007fff59c1d9c0:   00007fff8cf63240 00007fa82412dd30
0x00007fff59c1d9d0:   00007fa82412dd30 0000000000000000
0x00007fff59c1d9e0:   00007fff59c1dba0 00007fff89b321be
0x00007fff59c1d9f0:   0001000119794b98 00007fa82412dd30
0x00007fff59c1da00:   00007fff59c1da40 00007fff921140a5 

Instructions: (pc=0x00007fff8cf63250)
0x00007fff8cf63230:   90 90 90 90 90 90 90 90 90 90 90 90 90 90 90 90
0x00007fff8cf63240:   48 85 ff 74 2b 40 f6 c7 01 2e 75 3b 4c 8b 1f 50
0x00007fff8cf63250:   4d 8b 53 10 89 f0 41 23 02 4d 8b 5c c2 10 ff c0
0x00007fff8cf63260:   4d 85 db 74 36 49 3b 33 75 ec 58 41 ff 63 10 90 

Register to memory mapping:

RAX=0x00007fa824035e90 is an unknown value
RBX=0x00007fa82347f3e8 is an unknown value
RCX=0x00007fa8258dbc00 is an unknown value
RDX=0x00007fa8234594b0 is an unknown value
RSP=0x00007fff59c1d810 is pointing into the stack for thread: 0x00007fa8258a9000
RBP=0x00007fff59c1d950 is pointing into the stack for thread: 0x00007fa8258a9000
RSI=0x00007fff8a3df526: NSAppKitVersionNumber+0x4f906 in /System/Library/Frameworks/AppKit.framework/Versions/C/AppKit at 0x00007fff89a13000
RDI=0x00007fa824035e90 is an unknown value
R8 =0x00007fa8241013a0 is an unknown value
R9 =0x0000000000000014 is an unknown value
R10=0x0000000005080005 is an unknown value
R11=0x0000000000000000 is an unknown value
R12=0x0000000000000001 is an unknown value
R13=0x0000000000000000 is an unknown value
R14=0x00007fa823473840 is an unknown value
R15=0x00007fa82347f3e0 is an unknown value


Stack: [0x00007fff59422000,0x00007fff59c22000],  sp=0x00007fff59c1d810,  free space=8174k
Native frames: (J=compiled Java code, j=interpreted, Vv=VM code, C=native code)
C  [libobjc.A.dylib+0x6250]  objc_msgSend+0x10
C  [Foundation+0x48846]  -[NSNotificationCenter postNotificationName:object:userInfo:]+0x40
C  [AppKit+0x1efc42]  -[NSSurface _disposeSurface]+0x98
C  [AppKit+0x1ef5fe]  -[NSSurface setWindow:]+0x3c
C  [AppKit+0x11f1be]  -[NSView _setWindow:]+0x8db
C  [AppKit+0x12c390]  -[NSView removeFromSuperview]+0x1b7
C  [AppKit+0x259b2f]  -[NSView removeFromSuperviewWithoutNeedingDisplay]+0x27
C  [liblwjgl.jnilib+0x936e]  +[MacOSXKeyableWindow destroyWindow]+0xde
C  [Foundation+0x92677]  __NSThreadPerformPerform+0xe1
C  [CoreFoundation+0x12101]  __CFRUNLOOP_IS_CALLING_OUT_TO_A_SOURCE0_PERFORM_FUNCTION__+0x11
C  [CoreFoundation+0x11a25]  __CFRunLoopDoSources0+0xf5
C  [CoreFoundation+0x34dc5]  __CFRunLoopRun+0x315
C  [CoreFoundation+0x346b2]  CFRunLoopRunSpecific+0x122
C  [HIToolbox+0x600a4]  RunCurrentEventLoopInMode+0xd1
C  [HIToolbox+0x5fe42]  ReceiveNextEventCommon+0x164
C  [HIToolbox+0x5fcd3]  BlockUntilNextEventMatchingListInMode+0x3e
C  [AppKit+0x155613]  _DPSNextEvent+0x2ad
C  [AppKit+0x154ed2]  -[NSApplication nextEventMatchingMask:untilDate:inMode:dequeue:]+0x80
C  [libosxapp.dylib+0x16f4]  -[NSApplicationAWT nextEventMatchingMask:untilDate:inMode:dequeue:]+0x7c
C  [AppKit+0x14c283]  -[NSApplication run]+0x205
C  [libosxapp.dylib+0x1557]  +[NSApplicationAWT runAWTLoopWithApp:]+0x9c
C  [liblwawt.dylib+0xdba9]  -[AWTStarter starter:]+0x369
C  [Foundation+0x92677]  __NSThreadPerformPerform+0xe1
C  [CoreFoundation+0x12101]  __CFRUNLOOP_IS_CALLING_OUT_TO_A_SOURCE0_PERFORM_FUNCTION__+0x11
C  [CoreFoundation+0x11a25]  __CFRunLoopDoSources0+0xf5
C  [CoreFoundation+0x34dc5]  __CFRunLoopRun+0x315
C  [CoreFoundation+0x346b2]  CFRunLoopRunSpecific+0x122
C  [java+0x73b0]  CreateExecutionEnvironment+0x367
C  [java+0x1b5c]  JLI_Launch+0x7a0
C  [java+0x770d]  main+0x65
C  [java+0x13b4]  start+0x34


---------------  P R O C E S S  ---------------

Java Threads: ( => current thread )
  0x00007fa8290fb800 JavaThread "AWT-Shutdown" [_thread_blocked, id=28939, stack(0x0000000116d0d000,0x0000000116e0d000)]
  0x00007fa824896800 JavaThread "Thread-3" [_thread_in_native, id=60675, stack(0x000000011becf000,0x000000011bfcf000)]
  0x00007fa825800000 JavaThread "DestroyJavaVM" [_thread_blocked, id=6403, stack(0x0000000106b5f000,0x0000000106c5f000)]
  0x00007fa8258f2000 JavaThread "LWJGL Application" [_thread_in_native, id=55555, stack(0x0000000119a9a000,0x0000000119b9a000)]
=>0x00007fa8258a9000 JavaThread "AppKit Thread" daemon [_thread_in_native, id=1799, stack(0x00007fff59422000,0x00007fff59c22000)]
  0x00007fa823841000 JavaThread "Service Thread" daemon [_thread_blocked, id=23043, stack(0x00000001154cb000,0x00000001155cb000)]
  0x00007fa823840800 JavaThread "C2 CompilerThread1" daemon [_thread_in_vm, id=22531, stack(0x00000001153c8000,0x00000001154c8000)]
  0x00007fa823838800 JavaThread "C2 CompilerThread0" daemon [_thread_blocked, id=22019, stack(0x00000001152c5000,0x00000001153c5000)]
  0x00007fa823822800 JavaThread "Signal Dispatcher" daemon [_thread_blocked, id=21507, stack(0x00000001151c2000,0x00000001152c2000)]
  0x00007fa82381d000 JavaThread "Finalizer" daemon [_thread_blocked, id=16899, stack(0x0000000114f71000,0x0000000115071000)]
  0x00007fa82381a000 JavaThread "Reference Handler" daemon [_thread_blocked, id=16387, stack(0x0000000114e6e000,0x0000000114f6e000)]

Other Threads:
  0x00007fa823819800 VMThread [stack: 0x0000000114d6b000,0x0000000114e6b000] [id=15875]
  0x00007fa82381e800 WatcherThread [stack: 0x00000001155ce000,0x00000001156ce000] [id=23555]

VM state:not at safepoint (normal execution)

VM Mutex/Monitor currently owned by a thread: None

Heap
 PSYoungGen      total 76800K, used 48766K [0x00000007aaa80000, 0x00000007b0000000, 0x0000000800000000)
  eden space 66048K, 69% used [0x00000007aaa80000,0x00000007ad7775b8,0x00000007aeb00000)
  from space 10752K, 25% used [0x00000007af580000,0x00000007af8282d0,0x00000007b0000000)
  to   space 10752K, 0% used [0x00000007aeb00000,0x00000007aeb00000,0x00000007af580000)
 ParOldGen       total 174592K, used 48K [0x0000000700000000, 0x000000070aa80000, 0x00000007aaa80000)
  object space 174592K, 0% used [0x0000000700000000,0x000000070000c010,0x000000070aa80000)
 PSPermGen       total 21504K, used 8846K [0x00000006fae00000, 0x00000006fc300000, 0x0000000700000000)
  object space 21504K, 41% used [0x00000006fae00000,0x00000006fb6a3968,0x00000006fc300000)

Card table byte_map: [0x0000000109df4000,0x000000010a61e000] byte_map_base: 0x000000010661d000

Polling page: 0x0000000106c9e000

Code Cache  [0x0000000106d34000, 0x0000000106fa4000, 0x0000000109d34000)
 total_blobs=830 nmethods=450 adapters=334 free_code_cache=47552Kb largest_free_block=48635584

Compilation events (10 events):
Event: 53.359 Thread 0x00007fa823840800 nmethod 449 0x0000000106eb3950 code [0x0000000106eb3c80, 0x0000000106eb4dd0]
Event: 53.925 Thread 0x00007fa823838800  450             java.lang.Integer::parseInt (7 bytes)
Event: 53.925 Thread 0x00007fa823838800 nmethod 450 0x0000000106ea67d0 code [0x0000000106ea6920, 0x0000000106ea6988]
Event: 54.045 Thread 0x00007fa823840800  451  s!         sun.misc.URLClassPath::getLoader (154 bytes)
Event: 54.046 Thread 0x00007fa823838800  452             java.util.concurrent.locks.ReentrantLock$Sync::isHeldExclusively (16 bytes)
Event: 54.046 Thread 0x00007fa823838800 nmethod 452 0x0000000106eb7ed0 code [0x0000000106eb8000, 0x0000000106eb8098]
Event: 54.046 Thread 0x00007fa823838800  453             java.lang.ThreadLocal::initialValue (2 bytes)
Event: 54.047 Thread 0x00007fa823838800 nmethod 453 0x0000000106eb7cd0 code [0x0000000106eb7e00, 0x0000000106eb7e58]
Event: 54.051 Thread 0x00007fa823838800  454             java.util.AbstractMap::<init> (15 bytes)
Event: 54.051 Thread 0x00007fa823838800 nmethod 454 0x0000000106eb78d0 code [0x0000000106eb7a00, 0x0000000106eb7a78]

GC Heap History (4 events):
Event: 21.809 GC heap before
{Heap before GC invocations=1 (full 0):
 PSYoungGen      total 76800K, used 66048K [0x00000007aaa80000, 0x00000007b0000000, 0x0000000800000000)
  eden space 66048K, 100% used [0x00000007aaa80000,0x00000007aeb00000,0x00000007aeb00000)
  from space 10752K, 0% used [0x00000007af580000,0x00000007af580000,0x00000007b0000000)
  to   space 10752K, 0% used [0x00000007aeb00000,0x00000007aeb00000,0x00000007af580000)
 ParOldGen       total 174592K, used 0K [0x0000000700000000, 0x000000070aa80000, 0x00000007aaa80000)
  object space 174592K, 0% used [0x0000000700000000,0x0000000700000000,0x000000070aa80000)
 PSPermGen       total 21504K, used 8736K [0x00000006fae00000, 0x00000006fc300000, 0x0000000700000000)
  object space 21504K, 40% used [0x00000006fae00000,0x00000006fb6883b8,0x00000006fc300000)
Event: 21.815 GC heap after
Heap after GC invocations=1 (full 0):
 PSYoungGen      total 76800K, used 4483K [0x00000007aaa80000, 0x00000007b0000000, 0x0000000800000000)
  eden space 66048K, 0% used [0x00000007aaa80000,0x00000007aaa80000,0x00000007aeb00000)
  from space 10752K, 41% used [0x00000007aeb00000,0x00000007aef60c68,0x00000007af580000)
  to   space 10752K, 0% used [0x00000007af580000,0x00000007af580000,0x00000007b0000000)
 ParOldGen       total 174592K, used 40K [0x0000000700000000, 0x000000070aa80000, 0x00000007aaa80000)
  object space 174592K, 0% used [0x0000000700000000,0x000000070000a010,0x000000070aa80000)
 PSPermGen       total 21504K, used 8736K [0x00000006fae00000, 0x00000006fc300000, 0x0000000700000000)
  object space 21504K, 40% used [0x00000006fae00000,0x00000006fb6883b8,0x00000006fc300000)
}
Event: 40.503 GC heap before
{Heap before GC invocations=2 (full 0):
 PSYoungGen      total 76800K, used 70531K [0x00000007aaa80000, 0x00000007b0000000, 0x0000000800000000)
  eden space 66048K, 100% used [0x00000007aaa80000,0x00000007aeb00000,0x00000007aeb00000)
  from space 10752K, 41% used [0x00000007aeb00000,0x00000007aef60c68,0x00000007af580000)
  to   space 10752K, 0% used [0x00000007af580000,0x00000007af580000,0x00000007b0000000)
 ParOldGen       total 174592K, used 40K [0x0000000700000000, 0x000000070aa80000, 0x00000007aaa80000)
  object space 174592K, 0% used [0x0000000700000000,0x000000070000a010,0x000000070aa80000)
 PSPermGen       total 21504K, used 8830K [0x00000006fae00000, 0x00000006fc300000, 0x0000000700000000)
  object space 21504K, 41% used [0x00000006fae00000,0x00000006fb69faa8,0x00000006fc300000)
Event: 40.506 GC heap after
Heap after GC invocations=2 (full 0):
 PSYoungGen      total 76800K, used 2720K [0x00000007aaa80000, 0x00000007b0000000, 0x0000000800000000)
  eden space 66048K, 0% used [0x00000007aaa80000,0x00000007aaa80000,0x00000007aeb00000)
  from space 10752K, 25% used [0x00000007af580000,0x00000007af8282d0,0x00000007b0000000)
  to   space 10752K, 0% used [0x00000007aeb00000,0x00000007aeb00000,0x00000007af580000)
 ParOldGen       total 174592K, used 48K [0x0000000700000000, 0x000000070aa80000, 0x00000007aaa80000)
  object space 174592K, 0% used [0x0000000700000000,0x000000070000c010,0x000000070aa80000)
 PSPermGen       total 21504K, used 8830K [0x00000006fae00000, 0x00000006fc300000, 0x0000000700000000)
  object space 21504K, 41% used [0x00000006fae00000,0x00000006fb69faa8,0x00000006fc300000)
}

Deoptimization events (10 events):
Event: 13.128 Thread 0x00007fa824897800 Uncommon trap: reason=null_check action=make_not_entrant pc=0x0000000106e0aa9c method=com.google.gson.internal.bind.TypeAdapters$31.create(Lcom/google/gson/Gson;Lcom/google/gson/reflect/TypeToken;)Lcom/google/gson/TypeAdapter; @ 8
Event: 19.805 Thread 0x00007fa825083800 Uncommon trap: reason=array_check action=maybe_recompile pc=0x0000000106e35608 method=java.util.AbstractCollection.toArray([Ljava/lang/Object;)[Ljava/lang/Object; @ 119
Event: 19.807 Thread 0x00007fa8239cc800 Uncommon trap: reason=array_check action=maybe_recompile pc=0x0000000106e35608 method=java.util.AbstractCollection.toArray([Ljava/lang/Object;)[Ljava/lang/Object; @ 119
Event: 19.810 Thread 0x00007fa825083800 Uncommon trap: reason=array_check action=maybe_recompile pc=0x0000000106e35608 method=java.util.AbstractCollection.toArray([Ljava/lang/Object;)[Ljava/lang/Object; @ 119
Event: 19.824 Thread 0x00007fa825083800 Uncommon trap: reason=array_check action=maybe_recompile pc=0x0000000106e35608 method=java.util.AbstractCollection.toArray([Ljava/lang/Object;)[Ljava/lang/Object; @ 119
Event: 45.465 Thread 0x00007fa8258f2000 Uncommon trap: reason=range_check action=make_not_entrant pc=0x0000000106dc3b98 method=javazoom.jl.decoder.LayerIIIDecoder.huffman_decode(II)V @ 400
Event: 54.046 Thread 0x00007fa825083800 Uncommon trap: reason=unreached action=reinterpret pc=0x0000000106e6f138 method=java.util.concurrent.locks.ReentrantLock$Sync.nonfairTryAcquire(I)Z @ 34
Event: 54.046 Thread 0x00007fa824897800 Uncommon trap: reason=unreached action=reinterpret pc=0x0000000106ea7474 method=java.util.concurrent.locks.AbstractQueuedSynchronizer.enq(Ljava/util/concurrent/locks/AbstractQueuedSynchronizer$Node;)Ljava/util/concurrent/locks/AbstractQueuedSynchronizer$N
Event: 54.046 Thread 0x00007fa825083800 Uncommon trap: reason=unreached action=reinterpret pc=0x0000000106ea44cc method=java.lang.ThreadLocal.setInitialValue()Ljava/lang/Object; @ 16
Event: 54.046 Thread 0x00007fa825083800 Uncommon trap: reason=unreached action=reinterpret pc=0x0000000106e3c130 method=java.lang.ThreadLocal.get()Ljava/lang/Object; @ 21

Internal exceptions (10 events):
Event: 5.220 Thread 0x00007fa8250d2000 Threw 0x00000007ac5db3b0 at /HUDSON/workspace/7u-2-build-macosx-x86_64/jdk7u45/229/hotspot/src/share/vm/prims/jvm.cpp:1244
Event: 6.559 Thread 0x00007fa824897800 Implicit null exception at 0x0000000106debd73 to 0x0000000106debecd
Event: 18.844 Thread 0x00007fa824897800 Threw 0x00000007ae112270 at /HUDSON/workspace/7u-2-build-macosx-x86_64/jdk7u45/229/hotspot/src/share/vm/prims/jvm.cpp:1244
Event: 45.465 Thread 0x00007fa8258f2000 Threw 0x00000007ab752af0 at /HUDSON/workspace/7u-2-build-macosx-x86_64/jdk7u45/229/hotspot/src/share/vm/interpreter/interpreterRuntime.cpp:347
Event: 54.045 Thread 0x00007fa8258f2000 Threw 0x00000007ad59ca68 at /HUDSON/workspace/7u-2-build-macosx-x86_64/jdk7u45/229/hotspot/src/share/vm/prims/jvm.cpp:1244
Event: 54.046 Thread 0x00007fa825083800 Implicit null exception at 0x0000000106ea416b to 0x0000000106ea44b5
Event: 54.047 Thread 0x00007fa8239cb000 Threw 0x00000007ad095d90 at /HUDSON/workspace/7u-2-build-macosx-x86_64/jdk7u45/229/hotspot/src/share/vm/prims/jni.cpp:743
Event: 54.047 Thread 0x00007fa825afa000 Threw 0x00000007aacaf5c0 at /HUDSON/workspace/7u-2-build-macosx-x86_64/jdk7u45/229/hotspot/src/share/vm/prims/jni.cpp:743
Event: 54.048 Thread 0x00007fa8250d2800 Threw 0x00000007aad95fd8 at /HUDSON/workspace/7u-2-build-macosx-x86_64/jdk7u45/229/hotspot/src/share/vm/prims/jni.cpp:743
Event: 54.050 Thread 0x00007fa8258f2000 Threw 0x00000007ad5a3068 at /HUDSON/workspace/7u-2-build-macosx-x86_64/jdk7u45/229/hotspot/src/share/vm/prims/jvm.cpp:1244

Events (10 events):
Event: 54.048 Executing VM operation: RevokeBias done
Event: 54.048 Thread 0x00007fa825afa000 Thread exited: 0x00007fa825afa000
Event: 54.048 Executing VM operation: RevokeBias
Event: 54.048 Executing VM operation: RevokeBias done
Event: 54.048 Executing VM operation: RevokeBias
Event: 54.048 Executing VM operation: RevokeBias done
Event: 54.048 Thread 0x00007fa8250d2800 Thread exited: 0x00007fa8250d2800
Event: 54.048 Thread 0x00007fa8250d2000 Thread exited: 0x00007fa8250d2000
Event: 54.050 loading class 0x00007fa824033380
Event: 54.050 loading class 0x00007fa824033380 done


Dynamic libraries:
0x0000000008267000 	/System/Library/Frameworks/Cocoa.framework/Versions/A/Cocoa
0x0000000008267000 	/System/Library/Frameworks/Security.framework/Versions/A/Security
0x0000000008267000 	/System/Library/Frameworks/ApplicationServices.framework/Versions/A/ApplicationServices
0x0000000008267000 	/usr/lib/libz.1.dylib
0x0000000008267000 	/usr/lib/libSystem.B.dylib
0x0000000008267000 	/usr/lib/libobjc.A.dylib
0x0000000008267000 	/System/Library/Frameworks/CoreFoundation.framework/Versions/A/CoreFoundation
0x0000000008267000 	/System/Library/Frameworks/Foundation.framework/Versions/C/Foundation
0x0000000008267000 	/System/Library/Frameworks/AppKit.framework/Versions/C/AppKit
0x0000000008267000 	/System/Library/Frameworks/CoreData.framework/Versions/A/CoreData
0x0000000008267000 	/System/Library/PrivateFrameworks/RemoteViewServices.framework/Versions/A/RemoteViewServices
0x0000000008267000 	/System/Library/Frameworks/AudioToolbox.framework/Versions/A/AudioToolbox
0x0000000008267000 	/System/Library/Frameworks/AudioUnit.framework/Versions/A/AudioUnit
0x0000000008267000 	/System/Library/PrivateFrameworks/DataDetectorsCore.framework/Versions/A/DataDetectorsCore
0x0000000008267000 	/System/Library/PrivateFrameworks/DesktopServicesPriv.framework/Versions/A/DesktopServicesPriv
0x0000000008267000 	/System/Library/Frameworks/Carbon.framework/Versions/A/Frameworks/HIToolbox.framework/Versions/A/HIToolbox
0x0000000008267000 	/System/Library/Frameworks/QuartzCore.framework/Versions/A/QuartzCore
0x0000000008267000 	/System/Library/Frameworks/Carbon.framework/Versions/A/Frameworks/SpeechRecognition.framework/Versions/A/SpeechRecognition
0x0000000008267000 	/usr/lib/libauto.dylib
0x0000000008267000 	/usr/lib/libicucore.A.dylib
0x0000000008267000 	/usr/lib/libxml2.2.dylib
0x0000000008267000 	/System/Library/PrivateFrameworks/CoreUI.framework/Versions/A/CoreUI
0x0000000008267000 	/System/Library/Frameworks/CoreAudio.framework/Versions/A/CoreAudio
0x0000000008267000 	/System/Library/Frameworks/DiskArbitration.framework/Versions/A/DiskArbitration
0x0000000008267000 	/usr/lib/liblangid.dylib
0x0000000008267000 	/System/Library/PrivateFrameworks/MultitouchSupport.framework/Versions/A/MultitouchSupport
0x0000000008267000 	/System/Library/Frameworks/IOKit.framework/Versions/A/IOKit
0x0000000008267000 	/usr/lib/libDiagnosticMessagesClient.dylib
0x0000000008267000 	/System/Library/Frameworks/CoreServices.framework/Versions/A/CoreServices
0x0000000008267000 	/System/Library/PrivateFrameworks/PerformanceAnalysis.framework/Versions/A/PerformanceAnalysis
0x0000000008267000 	/System/Library/PrivateFrameworks/GenerationalStorage.framework/Versions/A/GenerationalStorage
0x0000000008267000 	/System/Library/Frameworks/OpenGL.framework/Versions/A/OpenGL
0x0000000008267000 	/System/Library/Frameworks/CoreText.framework/Versions/A/CoreText
0x0000000008267000 	/System/Library/Frameworks/ImageIO.framework/Versions/A/ImageIO
0x0000000008267000 	/System/Library/PrivateFrameworks/Backup.framework/Versions/A/Backup
0x0000000008267000 	/System/Library/Frameworks/CFNetwork.framework/Versions/A/CFNetwork
0x0000000008267000 	/System/Library/Frameworks/SystemConfiguration.framework/Versions/A/SystemConfiguration
0x0000000008267000 	/usr/lib/libCRFSuite.dylib
0x0000000008267000 	/System/Library/PrivateFrameworks/TCC.framework/Versions/A/TCC
0x0000000008267000 	/usr/lib/libc++.1.dylib
0x0000000008267000 	/usr/lib/libc++abi.dylib
0x0000000008267000 	/usr/lib/system/libcache.dylib
0x0000000008267000 	/usr/lib/system/libcommonCrypto.dylib
0x0000000008267000 	/usr/lib/system/libcompiler_rt.dylib
0x0000000008267000 	/usr/lib/system/libcopyfile.dylib
0x0000000008267000 	/usr/lib/system/libdispatch.dylib
0x0000000008267000 	/usr/lib/system/libdnsinfo.dylib
0x0000000008267000 	/usr/lib/system/libdyld.dylib
0x0000000008267000 	/usr/lib/system/libkeymgr.dylib
0x0000000008267000 	/usr/lib/system/liblaunch.dylib
0x0000000008267000 	/usr/lib/system/libmacho.dylib
0x0000000008267000 	/usr/lib/system/libquarantine.dylib
0x0000000008267000 	/usr/lib/system/libremovefile.dylib
0x0000000008267000 	/usr/lib/system/libsystem_blocks.dylib
0x0000000008267000 	/usr/lib/system/libsystem_c.dylib
0x0000000008267000 	/usr/lib/system/libsystem_dnssd.dylib
0x0000000008267000 	/usr/lib/system/libsystem_info.dylib
0x0000000008267000 	/usr/lib/system/libsystem_kernel.dylib
0x0000000008267000 	/usr/lib/system/libsystem_m.dylib
0x0000000008267000 	/usr/lib/system/libsystem_network.dylib
0x0000000008267000 	/usr/lib/system/libsystem_notify.dylib
0x0000000008267000 	/usr/lib/system/libsystem_sandbox.dylib
0x0000000008267000 	/usr/lib/system/libunc.dylib
0x0000000008267000 	/usr/lib/system/libunwind.dylib
0x0000000008267000 	/usr/lib/system/libxpc.dylib
0x0000000008267000 	/usr/lib/system/libcorecrypto.dylib
0x0000000008267000 	/usr/lib/libstdc++.6.dylib
0x0000000008267000 	/usr/lib/libbsm.0.dylib
0x0000000008267000 	/usr/lib/libsqlite3.dylib
0x0000000008267000 	/usr/lib/libxar.1.dylib
0x0000000008267000 	/usr/lib/libpam.2.dylib
0x0000000008267000 	/usr/lib/libOpenScriptingUtil.dylib
0x0000000008267000 	/usr/lib/libbz2.1.0.dylib
0x0000000008267000 	/System/Library/Frameworks/CoreServices.framework/Versions/A/Frameworks/CarbonCore.framework/Versions/A/CarbonCore
0x0000000008267000 	/System/Library/Frameworks/CoreServices.framework/Versions/A/Frameworks/Metadata.framework/Versions/A/Metadata
0x0000000008267000 	/System/Library/Frameworks/CoreServices.framework/Versions/A/Frameworks/OSServices.framework/Versions/A/OSServices
0x0000000008267000 	/System/Library/Frameworks/CoreServices.framework/Versions/A/Frameworks/SearchKit.framework/Versions/A/SearchKit
0x0000000008267000 	/System/Library/Frameworks/CoreServices.framework/Versions/A/Frameworks/AE.framework/Versions/A/AE
0x0000000008267000 	/System/Library/Frameworks/CoreServices.framework/Versions/A/Frameworks/LaunchServices.framework/Versions/A/LaunchServices
0x0000000008267000 	/System/Library/Frameworks/CoreServices.framework/Versions/A/Frameworks/DictionaryServices.framework/Versions/A/DictionaryServices
0x0000000008267000 	/System/Library/Frameworks/NetFS.framework/Versions/A/NetFS
0x0000000008267000 	/usr/lib/system/libkxld.dylib
0x0000000008267000 	/System/Library/PrivateFrameworks/NetAuth.framework/Versions/A/NetAuth
0x0000000008267000 	/System/Library/Frameworks/OpenDirectory.framework/Versions/A/Frameworks/CFOpenDirectory.framework/Versions/A/CFOpenDirectory
0x0000000008267000 	/usr/lib/libxslt.1.dylib
0x0000000008267000 	/System/Library/PrivateFrameworks/FamilyControls.framework/Versions/A/FamilyControls
0x0000000008267000 	/System/Library/Frameworks/Carbon.framework/Versions/A/Frameworks/Ink.framework/Versions/A/Ink
0x0000000008267000 	/System/Library/Frameworks/ApplicationServices.framework/Versions/A/Frameworks/CoreGraphics.framework/Versions/A/CoreGraphics
0x0000000008267000 	/System/Library/Frameworks/ApplicationServices.framework/Versions/A/Frameworks/ATS.framework/Versions/A/ATS
0x0000000008267000 	/System/Library/Frameworks/ApplicationServices.framework/Versions/A/Frameworks/ColorSync.framework/Versions/A/ColorSync
0x0000000008267000 	/System/Library/Frameworks/ApplicationServices.framework/Versions/A/Frameworks/HIServices.framework/Versions/A/HIServices
0x0000000008267000 	/System/Library/Frameworks/ApplicationServices.framework/Versions/A/Frameworks/LangAnalysis.framework/Versions/A/LangAnalysis
0x0000000008267000 	/System/Library/Frameworks/ApplicationServices.framework/Versions/A/Frameworks/PrintCore.framework/Versions/A/PrintCore
0x0000000008267000 	/System/Library/Frameworks/ApplicationServices.framework/Versions/A/Frameworks/QD.framework/Versions/A/QD
0x0000000008267000 	/System/Library/Frameworks/ApplicationServices.framework/Versions/A/Frameworks/SpeechSynthesis.framework/Versions/A/SpeechSynthesis
0x0000000008267000 	/System/Library/Frameworks/IOSurface.framework/Versions/A/IOSurface
0x0000000008267000 	/System/Library/Frameworks/Accelerate.framework/Versions/A/Accelerate
0x0000000008267000 	/System/Library/Frameworks/ApplicationServices.framework/Versions/A/Frameworks/ATS.framework/Versions/A/Resources/libFontParser.dylib
0x0000000008267000 	/System/Library/Frameworks/ApplicationServices.framework/Versions/A/Frameworks/ATS.framework/Versions/A/Resources/libFontRegistry.dylib
0x0000000008267000 	/System/Library/Frameworks/Accelerate.framework/Versions/A/Frameworks/vImage.framework/Versions/A/vImage
0x0000000008267000 	/System/Library/Frameworks/Accelerate.framework/Versions/A/Frameworks/vecLib.framework/Versions/A/vecLib
0x0000000008267000 	/System/Library/Frameworks/Accelerate.framework/Versions/A/Frameworks/vecLib.framework/Versions/A/libvDSP.dylib
0x0000000008267000 	/System/Library/Frameworks/Accelerate.framework/Versions/A/Frameworks/vecLib.framework/Versions/A/libvMisc.dylib
0x0000000008267000 	/System/Library/Frameworks/Accelerate.framework/Versions/A/Frameworks/vecLib.framework/Versions/A/libLAPACK.dylib
0x0000000008267000 	/System/Library/Frameworks/Accelerate.framework/Versions/A/Frameworks/vecLib.framework/Versions/A/libBLAS.dylib
0x0000000008267000 	/System/Library/Frameworks/ImageIO.framework/Versions/A/Resources/libJPEG.dylib
0x0000000008267000 	/System/Library/Frameworks/ImageIO.framework/Versions/A/Resources/libTIFF.dylib
0x0000000008267000 	/System/Library/Frameworks/ImageIO.framework/Versions/A/Resources/libPng.dylib
0x0000000008267000 	/System/Library/Frameworks/ImageIO.framework/Versions/A/Resources/libGIF.dylib
0x0000000008267000 	/System/Library/Frameworks/ImageIO.framework/Versions/A/Resources/libJP2.dylib
0x0000000008267000 	/System/Library/Frameworks/ImageIO.framework/Versions/A/Resources/libRadiance.dylib
0x0000000008267000 	/usr/lib/libcups.2.dylib
0x0000000008267000 	/System/Library/Frameworks/Kerberos.framework/Versions/A/Kerberos
0x0000000008267000 	/System/Library/Frameworks/GSS.framework/Versions/A/GSS
0x0000000008267000 	/usr/lib/libresolv.9.dylib
0x0000000008267000 	/usr/lib/libiconv.2.dylib
0x0000000008267000 	/System/Library/PrivateFrameworks/Heimdal.framework/Versions/A/Heimdal
0x0000000008267000 	/System/Library/PrivateFrameworks/TrustEvaluationAgent.framework/Versions/A/TrustEvaluationAgent
0x0000000008267000 	/System/Library/Frameworks/OpenDirectory.framework/Versions/A/OpenDirectory
0x0000000008267000 	/System/Library/PrivateFrameworks/CommonAuth.framework/Versions/A/CommonAuth
0x0000000008267000 	/System/Library/PrivateFrameworks/Bom.framework/Versions/A/Bom
0x0000000008267000 	/System/Library/Frameworks/CoreVideo.framework/Versions/A/CoreVideo
0x0000000008267000 	/System/Library/Frameworks/QuartzCore.framework/Versions/A/Frameworks/CoreImage.framework/Versions/A/CoreImage
0x0000000008267000 	/System/Library/Frameworks/QuartzCore.framework/Versions/A/Frameworks/ScalableUserInterface.framework/Versions/A/ScalableUserInterface
0x0000000008267000 	/System/Library/Frameworks/OpenGL.framework/Versions/A/Libraries/libGLU.dylib
0x0000000008267000 	/System/Library/Frameworks/OpenGL.framework/Versions/A/Libraries/libGFXShared.dylib
0x0000000008267000 	/System/Library/Frameworks/OpenGL.framework/Versions/A/Libraries/libGL.dylib
0x0000000008267000 	/System/Library/Frameworks/OpenGL.framework/Versions/A/Libraries/libGLImage.dylib
0x0000000008267000 	/System/Library/Frameworks/OpenGL.framework/Versions/A/Libraries/libCVMSPluginSupport.dylib
0x0000000008267000 	/System/Library/Frameworks/OpenGL.framework/Versions/A/Libraries/libCoreVMClient.dylib
0x0000000008267000 	/System/Library/PrivateFrameworks/CrashReporterSupport.framework/Versions/A/CrashReporterSupport
0x0000000008267000 	/System/Library/Frameworks/OpenCL.framework/Versions/A/OpenCL
0x0000000008267000 	/System/Library/PrivateFrameworks/FaceCoreLight.framework/Versions/A/FaceCoreLight
0x0000000008267000 	/System/Library/PrivateFrameworks/AppleFSCompression.framework/Versions/A/AppleFSCompression
0x0000000008267000 	/System/Library/PrivateFrameworks/Ubiquity.framework/Versions/A/Ubiquity
0x0000000008267000 	/System/Library/Frameworks/ServiceManagement.framework/Versions/A/ServiceManagement
0x0000000008267000 	/System/Library/PrivateFrameworks/ChunkingLibrary.framework/Versions/A/ChunkingLibrary
0x0000000008267000 	/System/Library/Frameworks/vecLib.framework/Versions/A/vecLib
0x0000000008267000 	/System/Library/Frameworks/SecurityFoundation.framework/Versions/A/SecurityFoundation
0x0000000008267000 	/System/Library/PrivateFrameworks/CommerceKit.framework/Versions/A/Frameworks/CommerceCore.framework/Versions/A/CommerceCore
0x0000000008267000 	/System/Library/PrivateFrameworks/CoreSymbolication.framework/Versions/A/CoreSymbolication
0x0000000008267000 	/System/Library/PrivateFrameworks/Symbolication.framework/Versions/A/Symbolication
0x0000000008267000 	/System/Library/PrivateFrameworks/DebugSymbols.framework/Versions/A/DebugSymbols
0x000000010610b000 	/Library/Java/JavaVirtualMachines/jdk1.7.0_45.jdk/Contents/Home/jre/lib/server/libjvm.dylib
0x0000000106c61000 	/Library/Java/JavaVirtualMachines/jdk1.7.0_45.jdk/Contents/Home/jre/lib/libverify.dylib
0x0000000106c6e000 	/Library/Java/JavaVirtualMachines/jdk1.7.0_45.jdk/Contents/Home/jre/lib/libjava.dylib
0x0000000106d2b000 	/Library/Java/JavaVirtualMachines/jdk1.7.0_45.jdk/Contents/Home/jre/lib/libzip.dylib
0x0000000115073000 	/System/Library/Frameworks/JavaVM.framework/Frameworks/JavaRuntimeSupport.framework/JavaRuntimeSupport
0x000000011508b000 	/System/Library/Frameworks/JavaVM.framework/Versions/A/Frameworks/JavaNativeFoundation.framework/Versions/A/JavaNativeFoundation
0x00000001150a0000 	/System/Library/Frameworks/JavaVM.framework/Versions/A/JavaVM
0x0000000008267000 	/System/Library/Frameworks/Carbon.framework/Versions/A/Carbon
0x00000001150ad000 	/System/Library/PrivateFrameworks/JavaLaunching.framework/Versions/A/JavaLaunching
0x0000000008267000 	/System/Library/Frameworks/Carbon.framework/Versions/A/Frameworks/CommonPanels.framework/Versions/A/CommonPanels
0x0000000008267000 	/System/Library/Frameworks/Carbon.framework/Versions/A/Frameworks/Help.framework/Versions/A/Help
0x0000000008267000 	/System/Library/Frameworks/Carbon.framework/Versions/A/Frameworks/ImageCapture.framework/Versions/A/ImageCapture
0x0000000008267000 	/System/Library/Frameworks/Carbon.framework/Versions/A/Frameworks/OpenScripting.framework/Versions/A/OpenScripting
0x0000000008267000 	/System/Library/Frameworks/Carbon.framework/Versions/A/Frameworks/Print.framework/Versions/A/Print
0x0000000008267000 	/System/Library/Frameworks/Carbon.framework/Versions/A/Frameworks/SecurityHI.framework/Versions/A/SecurityHI
0x000000011576e000 	/private/var/folders/l6/t__ll8y91bg2b3692zf5qjxm0000gn/T/libgdxdoverwong/92bf976d/libgdx.dylib
0x0000000115817000 	/Library/Java/JavaVirtualMachines/jdk1.7.0_45.jdk/Contents/Home/jre/lib/libawt.dylib
0x00000001158c6000 	/Library/Java/JavaVirtualMachines/jdk1.7.0_45.jdk/Contents/Home/jre/lib/./libmlib_image.dylib
0x00000001159b6000 	/Library/Java/JavaVirtualMachines/jdk1.7.0_45.jdk/Contents/Home/jre/lib/lwawt/liblwawt.dylib
0x0000000115a6a000 	/Library/Java/JavaVirtualMachines/jdk1.7.0_45.jdk/Contents/Home/jre/lib/libosxapp.dylib
0x0000000115a84000 	/System/Library/Frameworks/ExceptionHandling.framework/Versions/A/ExceptionHandling
0x0000000008267000 	/System/Library/PrivateFrameworks/CoreServicesInternal.framework/Versions/A/CoreServicesInternal
0x0000000008267000 	/System/Library/PrivateFrameworks/Librarian.framework/Versions/A/Librarian
0x0000000008267000 	/System/Library/Frameworks/ApplicationServices.framework/Versions/A/Frameworks/CoreGraphics.framework/Versions/A/Resources/libCSync.A.dylib
0x0000000008267000 	/System/Library/Frameworks/ApplicationServices.framework/Versions/A/Frameworks/CoreGraphics.framework/Versions/A/Resources/libRIP.A.dylib
0x0000000008267000 	/System/Library/Frameworks/ApplicationServices.framework/Versions/A/Frameworks/CoreGraphics.framework/Versions/A/Resources/libCGXType.A.dylib
0x00000001196f5000 	/Library/Java/JavaVirtualMachines/jdk1.7.0_45.jdk/Contents/Home/jre/lib/libfontmanager.dylib
0x0000000119759000 	/private/var/folders/l6/t__ll8y91bg2b3692zf5qjxm0000gn/T/libgdxdoverwong/75260a42/liblwjgl.jnilib
0x00000001170c4000 	/Library/Java/JavaVirtualMachines/jdk1.7.0_45.jdk/Contents/Home/jre/lib/libjawt.dylib
0x00000001197d4000 	/var/folders/l6/t__ll8y91bg2b3692zf5qjxm0000gn/T/libgdxdoverwong/75260a42/openal.dylib
0x00000000a9830000 	/System/Library/Components/CoreAudio.component/Contents/MacOS/CoreAudio
0x0000000117e86000 	/System/Library/Extensions/AppleHDA.kext/Contents/PlugIns/AppleHDAHALPlugIn.bundle/Contents/MacOS/AppleHDAHALPlugIn
0x0000000119b9c000 	/System/Library/Frameworks/OpenGL.framework/Resources/GLEngine.bundle/GLEngine
0x0000000119d8a000 	/System/Library/Frameworks/OpenGL.framework/Versions/A/Libraries/libGLProgrammability.dylib
0x0000000119f00000 	/System/Library/Extensions/AppleIntelHD4000GraphicsGLDriver.bundle/Contents/MacOS/AppleIntelHD4000GraphicsGLDriver
0x000000011a4e2000 	/System/Library/PrivateFrameworks/GPUSupport.framework/Versions/A/Libraries/libGPUSupport.dylib
0x000000011a4f7000 	/System/Library/Frameworks/OpenGL.framework/Resources//GLRendererFloat.bundle/GLRendererFloat
0x000000011a52d000 	/System/Library/Frameworks/OpenCL.framework/Versions/A/Libraries/libcldcpuengine.dylib
0x0000000008267000 	/System/Library/PrivateFrameworks/DiskImages.framework/Versions/A/DiskImages
0x000000011a53c000 	/System/Library/Frameworks/OpenGL.framework/Versions/A/Libraries/libCoreFSCache.dylib
0x0000000008267000 	/System/Library/Frameworks/DiscRecording.framework/Versions/A/DiscRecording
0x0000000008267000 	/usr/lib/libcurl.4.dylib
0x0000000008267000 	/System/Library/PrivateFrameworks/MediaKit.framework/Versions/A/MediaKit
0x0000000008267000 	/usr/lib/libssl.0.9.8.dylib
0x0000000008267000 	/usr/lib/libcrypto.0.9.8.dylib
0x0000000008267000 	/System/Library/Frameworks/LDAP.framework/Versions/A/LDAP
0x0000000008267000 	/usr/lib/libsasl2.2.dylib
0x0000000117463000 	/Library/Java/JavaVirtualMachines/jdk1.7.0_45.jdk/Contents/Home/jre/lib/libnet.dylib

VM Arguments:
jvm_args: -Dfile.encoding=US-ASCII 
java_command: com.sutd.pong.Main
Launcher Type: SUN_STANDARD

Environment Variables:
PATH=/usr/bin:/bin:/usr/sbin:/sbin
SHELL=/bin/bash
DISPLAY=/tmp/launch-7HaiN9/org.macosforge.xquartz:0

Signal Handlers:
SIGSEGV: [libjvm.dylib+0x525415], sa_mask[0]=0xfffefeff, sa_flags=0x00000043
SIGBUS: [libjvm.dylib+0x525415], sa_mask[0]=0xfffefeff, sa_flags=0x00000042
SIGFPE: [libjvm.dylib+0x41891a], sa_mask[0]=0xfffefeff, sa_flags=0x00000042
SIGPIPE: [libjvm.dylib+0x41891a], sa_mask[0]=0xfffefeff, sa_flags=0x00000042
SIGXFSZ: [libjvm.dylib+0x41891a], sa_mask[0]=0xfffefeff, sa_flags=0x00000042
SIGILL: [libjvm.dylib+0x41891a], sa_mask[0]=0xfffefeff, sa_flags=0x00000042
SIGUSR1: SIG_DFL, sa_mask[0]=0x00000000, sa_flags=0x00000002
SIGUSR2: [libjvm.dylib+0x41840c], sa_mask[0]=0x00000004, sa_flags=0x00000042
SIGHUP: [libjvm.dylib+0x41669b], sa_mask[0]=0xfffefeff, sa_flags=0x00000042
SIGINT: [libjvm.dylib+0x41669b], sa_mask[0]=0xfffefeff, sa_flags=0x00000042
SIGTERM: [libjvm.dylib+0x41669b], sa_mask[0]=0xfffefeff, sa_flags=0x00000042
SIGQUIT: [libjvm.dylib+0x41669b], sa_mask[0]=0xfffefeff, sa_flags=0x00000042


---------------  S Y S T E M  ---------------

OS:Bsduname:Darwin 12.2.0 Darwin Kernel Version 12.2.0: Sat Aug 25 00:48:52 PDT 2012; root:xnu-2050.18.24~1/RELEASE_X86_64 x86_64
rlimit: STACK 8192k, CORE 0k, NPROC 709, NOFILE 10240, AS infinity
load average:1.98 1.95 1.75

CPU:total 4 (2 cores per cpu, 2 threads per core) family 6 model 58 stepping 9, cmov, cx8, fxsr, mmx, sse, sse2, sse3, ssse3, sse4.1, sse4.2, popcnt, avx, aes, erms, ht, tsc, tscinvbit, tscinv

Memory: 4k page, physical 16777216k(4194304k free)

/proc/meminfo:


vm_info: Java HotSpot(TM) 64-Bit Server VM (24.45-b08) for bsd-amd64 JRE (1.7.0_45-b18), built on Oct  8 2013 05:54:16 by "java_re" with gcc 4.2.1 (Based on Apple Inc. build 5658) (LLVM build 2336.11.00)

time: Fri Apr 25 09:44:34 2014
elapsed time: 54 seconds

